[10:06:22.483][info] [#0:script/client.lua:657]: Client init	{
  rootUri = "file:///home/theuser/.config/nvim/lua/custom/lua-language-server/test_root/"
}
[10:06:22.484][info] [#0:script/language.lua:137]: VSC language: zh-cn
[10:06:22.484][info] [#0:script/language.lua:138]: LS  language: zh-cn
[10:06:22.484][info] [#0:script/workspace/workspace.lua:38]: Workspace init root: 	file:///home/theuser/.config/nvim/lua/custom/lua-language-server/test_root/
[10:06:22.484][info] [#0:script/workspace/workspace.lua:42]: Log path: 	/home/theuser/.config/nvim/lua/custom/lua-language-server/log/file_home_theuser_.config_nvim_lua_custom_lua-language-server_test_root_.log
[10:06:22.484][info] [#0:script/workspace/workspace.lua:48]: Workspace create: 	file:///home/theuser/.config/nvim/lua/custom/lua-language-server/test_root/
[10:06:22.486][warn] [#0:script/config/loader.lua:116]: No config?	nil
[10:06:22.486][warn] [#0:script/config/loader.lua:116]: No config?	nil
[10:06:22.486][info] [#0:script/provider/provider.lua:61]: Load config from client	fallback
[10:06:22.486][info] [#0:script/provider/provider.lua:62]: nil
[10:06:22.486][info] [#0:script/library.lua:212]: Init builtin library at:	file:///home/theuser/.config/nvim/lua/custom/lua-language-server/test_root/
[10:06:22.503][info] [#0:script/library.lua:212]: Init builtin library at:	nil
[10:06:22.515][info] [#0:script/workspace/workspace.lua:324]: Preload start:	file:///home/theuser/.config/nvim/lua/custom/lua-language-server/test_root/
[10:06:22.517][info] [#0:script/workspace/workspace.lua:330]: Scan files at:	file:///home/theuser/.config/nvim/lua/custom/lua-language-server/test_root/
[10:06:22.517][info] [#0:script/workspace/workspace.lua:324]: Preload start:	<fallback>
[10:06:22.519][info] [#0:script/workspace/workspace.lua:353]: Scan library at:	file:///home/theuser/.config/nvim/lua/custom/lua-language-server/meta/Lua%205.4%20zh-cn%20utf8/coroutine.lua
[10:06:22.520][info] [#0:script/workspace/workspace.lua:353]: Scan library at:	file:///home/theuser/.config/nvim/lua/custom/lua-language-server/meta/Lua%205.4%20zh-cn%20utf8/coroutine.lua
[10:06:22.520][info] [#0:script/workspace/workspace.lua:353]: Scan library at:	file:///home/theuser/.config/nvim/lua/custom/lua-language-server/meta/Lua%205.4%20zh-cn%20utf8/debug.lua
[10:06:22.520][info] [#0:script/workspace/workspace.lua:353]: Scan library at:	file:///home/theuser/.config/nvim/lua/custom/lua-language-server/meta/Lua%205.4%20zh-cn%20utf8/debug.lua
[10:06:22.520][info] [#0:script/workspace/workspace.lua:353]: Scan library at:	file:///home/theuser/.config/nvim/lua/custom/lua-language-server/meta/Lua%205.4%20zh-cn%20utf8/math.lua
[10:06:22.520][info] [#0:script/workspace/workspace.lua:353]: Scan library at:	file:///home/theuser/.config/nvim/lua/custom/lua-language-server/meta/Lua%205.4%20zh-cn%20utf8/math.lua
[10:06:22.520][info] [#0:script/workspace/workspace.lua:353]: Scan library at:	file:///home/theuser/.config/nvim/lua/custom/lua-language-server/meta/Lua%205.4%20zh-cn%20utf8/os.lua
[10:06:22.520][info] [#0:script/workspace/workspace.lua:353]: Scan library at:	file:///home/theuser/.config/nvim/lua/custom/lua-language-server/meta/Lua%205.4%20zh-cn%20utf8/os.lua
[10:06:22.520][info] [#0:script/workspace/workspace.lua:353]: Scan library at:	file:///home/theuser/.config/nvim/lua/custom/lua-language-server/meta/Lua%205.4%20zh-cn%20utf8/string.lua
[10:06:22.520][info] [#0:script/workspace/workspace.lua:353]: Scan library at:	file:///home/theuser/.config/nvim/lua/custom/lua-language-server/meta/Lua%205.4%20zh-cn%20utf8/string.lua
[10:06:22.520][info] [#0:script/workspace/workspace.lua:353]: Scan library at:	file:///home/theuser/.config/nvim/lua/custom/lua-language-server/meta/Lua%205.4%20zh-cn%20utf8/table.lua
[10:06:22.520][info] [#0:script/workspace/workspace.lua:353]: Scan library at:	file:///home/theuser/.config/nvim/lua/custom/lua-language-server/meta/Lua%205.4%20zh-cn%20utf8/table.lua
[10:06:22.521][info] [#0:script/workspace/workspace.lua:353]: Scan library at:	file:///home/theuser/.config/nvim/lua/custom/lua-language-server/meta/Lua%205.4%20zh-cn%20utf8/builtin.lua
[10:06:22.521][info] [#0:script/workspace/workspace.lua:353]: Scan library at:	file:///home/theuser/.config/nvim/lua/custom/lua-language-server/meta/Lua%205.4%20zh-cn%20utf8/builtin.lua
[10:06:22.521][info] [#0:script/workspace/workspace.lua:353]: Scan library at:	file:///home/theuser/.config/nvim/lua/custom/lua-language-server/meta/Lua%205.4%20zh-cn%20utf8/utf8.lua
[10:06:22.521][info] [#0:script/workspace/workspace.lua:353]: Scan library at:	file:///home/theuser/.config/nvim/lua/custom/lua-language-server/meta/Lua%205.4%20zh-cn%20utf8/utf8.lua
[10:06:22.521][info] [#0:script/workspace/workspace.lua:353]: Scan library at:	file:///home/theuser/.config/nvim/lua/custom/lua-language-server/meta/Lua%205.4%20zh-cn%20utf8/package.lua
[10:06:22.521][info] [#0:script/workspace/workspace.lua:353]: Scan library at:	file:///home/theuser/.config/nvim/lua/custom/lua-language-server/meta/Lua%205.4%20zh-cn%20utf8/package.lua
[10:06:22.521][info] [#0:script/workspace/workspace.lua:353]: Scan library at:	file:///home/theuser/.config/nvim/lua/custom/lua-language-server/meta/Lua%205.4%20zh-cn%20utf8/io.lua
[10:06:22.521][info] [#0:script/workspace/workspace.lua:353]: Scan library at:	file:///home/theuser/.config/nvim/lua/custom/lua-language-server/meta/Lua%205.4%20zh-cn%20utf8/io.lua
[10:06:22.521][info] [#0:script/workspace/workspace.lua:353]: Scan library at:	file:///home/theuser/.config/nvim/lua/custom/lua-language-server/meta/Lua%205.4%20zh-cn%20utf8/basic.lua
[10:06:22.521][info] [#0:script/workspace/workspace.lua:353]: Scan library at:	file:///home/theuser/.config/nvim/lua/custom/lua-language-server/meta/Lua%205.4%20zh-cn%20utf8/basic.lua
[10:06:22.522][info] [#0:script/workspace/workspace.lua:379]: Found 11 files at:	<fallback>
[10:06:22.522][info] [#0:script/workspace/loading.lua:161]: Load files from disk:	<fallback>
[10:06:22.522][info] [#0:script/workspace/loading.lua:101]: Preload file at: file:///home/theuser/.config/nvim/lua/custom/lua-language-server/meta/Lua%205.4%20zh-cn%20utf8/basic.lua , size = 15.405 KB
[10:06:22.531][info] [#0:script/workspace/loading.lua:113]: ++++As library of:	file:///home/theuser/.config/nvim/lua/custom/lua-language-server/meta/Lua%205.4%20zh-cn%20utf8/basic.lua
[10:06:22.531][info] [#0:script/workspace/workspace.lua:379]: Found 11 files at:	file:///home/theuser/.config/nvim/lua/custom/lua-language-server/test_root/
[10:06:22.531][info] [#0:script/workspace/loading.lua:161]: Load files from disk:	file:///home/theuser/.config/nvim/lua/custom/lua-language-server/test_root/
[10:06:22.531][info] [#0:script/workspace/loading.lua:89]: Skip loaded file: file:///home/theuser/.config/nvim/lua/custom/lua-language-server/meta/Lua%205.4%20zh-cn%20utf8/basic.lua
[10:06:22.531][info] [#0:script/workspace/loading.lua:113]: ++++As library of:	file:///home/theuser/.config/nvim/lua/custom/lua-language-server/meta/Lua%205.4%20zh-cn%20utf8/basic.lua
[10:06:22.531][info] [#0:script/workspace/loading.lua:101]: Preload file at: file:///home/theuser/.config/nvim/lua/custom/lua-language-server/meta/Lua%205.4%20zh-cn%20utf8/io.lua , size = 6.633 KB
[10:06:22.538][info] [#0:script/workspace/loading.lua:113]: ++++As library of:	file:///home/theuser/.config/nvim/lua/custom/lua-language-server/meta/Lua%205.4%20zh-cn%20utf8/io.lua
[10:06:22.538][info] [#0:script/workspace/loading.lua:89]: Skip loaded file: file:///home/theuser/.config/nvim/lua/custom/lua-language-server/meta/Lua%205.4%20zh-cn%20utf8/io.lua
[10:06:22.538][info] [#0:script/workspace/loading.lua:113]: ++++As library of:	file:///home/theuser/.config/nvim/lua/custom/lua-language-server/meta/Lua%205.4%20zh-cn%20utf8/io.lua
[10:06:22.538][info] [#0:script/workspace/loading.lua:101]: Preload file at: file:///home/theuser/.config/nvim/lua/custom/lua-language-server/meta/Lua%205.4%20zh-cn%20utf8/package.lua , size = 2.858 KB
[10:06:22.539][info] [#0:script/workspace/loading.lua:113]: ++++As library of:	file:///home/theuser/.config/nvim/lua/custom/lua-language-server/meta/Lua%205.4%20zh-cn%20utf8/package.lua
[10:06:22.540][info] [#0:script/workspace/loading.lua:89]: Skip loaded file: file:///home/theuser/.config/nvim/lua/custom/lua-language-server/meta/Lua%205.4%20zh-cn%20utf8/package.lua
[10:06:22.540][info] [#0:script/workspace/loading.lua:113]: ++++As library of:	file:///home/theuser/.config/nvim/lua/custom/lua-language-server/meta/Lua%205.4%20zh-cn%20utf8/package.lua
[10:06:22.540][info] [#0:script/workspace/loading.lua:101]: Preload file at: file:///home/theuser/.config/nvim/lua/custom/lua-language-server/meta/Lua%205.4%20zh-cn%20utf8/utf8.lua , size = 2.369 KB
[10:06:22.541][info] [#0:script/workspace/loading.lua:113]: ++++As library of:	file:///home/theuser/.config/nvim/lua/custom/lua-language-server/meta/Lua%205.4%20zh-cn%20utf8/utf8.lua
[10:06:22.542][info] [#0:script/workspace/loading.lua:89]: Skip loaded file: file:///home/theuser/.config/nvim/lua/custom/lua-language-server/meta/Lua%205.4%20zh-cn%20utf8/utf8.lua
[10:06:22.542][info] [#0:script/workspace/loading.lua:113]: ++++As library of:	file:///home/theuser/.config/nvim/lua/custom/lua-language-server/meta/Lua%205.4%20zh-cn%20utf8/utf8.lua
[10:06:22.542][info] [#0:script/workspace/loading.lua:101]: Preload file at: file:///home/theuser/.config/nvim/lua/custom/lua-language-server/meta/Lua%205.4%20zh-cn%20utf8/builtin.lua , size = 0.302 KB
[10:06:22.542][info] [#0:script/workspace/loading.lua:113]: ++++As library of:	file:///home/theuser/.config/nvim/lua/custom/lua-language-server/meta/Lua%205.4%20zh-cn%20utf8/builtin.lua
[10:06:22.543][info] [#0:script/workspace/loading.lua:89]: Skip loaded file: file:///home/theuser/.config/nvim/lua/custom/lua-language-server/meta/Lua%205.4%20zh-cn%20utf8/builtin.lua
[10:06:22.543][info] [#0:script/workspace/loading.lua:113]: ++++As library of:	file:///home/theuser/.config/nvim/lua/custom/lua-language-server/meta/Lua%205.4%20zh-cn%20utf8/builtin.lua
[10:06:22.543][info] [#0:script/workspace/loading.lua:101]: Preload file at: file:///home/theuser/.config/nvim/lua/custom/lua-language-server/meta/Lua%205.4%20zh-cn%20utf8/table.lua , size = 4.055 KB
[10:06:22.546][info] [#0:script/workspace/loading.lua:113]: ++++As library of:	file:///home/theuser/.config/nvim/lua/custom/lua-language-server/meta/Lua%205.4%20zh-cn%20utf8/table.lua
[10:06:22.546][info] [#0:script/workspace/loading.lua:89]: Skip loaded file: file:///home/theuser/.config/nvim/lua/custom/lua-language-server/meta/Lua%205.4%20zh-cn%20utf8/table.lua
[10:06:22.546][info] [#0:script/workspace/loading.lua:113]: ++++As library of:	file:///home/theuser/.config/nvim/lua/custom/lua-language-server/meta/Lua%205.4%20zh-cn%20utf8/table.lua
[10:06:22.546][info] [#0:script/workspace/loading.lua:101]: Preload file at: file:///home/theuser/.config/nvim/lua/custom/lua-language-server/meta/Lua%205.4%20zh-cn%20utf8/string.lua , size = 6.710 KB
[10:06:22.554][info] [#0:script/workspace/loading.lua:113]: ++++As library of:	file:///home/theuser/.config/nvim/lua/custom/lua-language-server/meta/Lua%205.4%20zh-cn%20utf8/string.lua
[10:06:22.554][info] [#0:script/workspace/loading.lua:89]: Skip loaded file: file:///home/theuser/.config/nvim/lua/custom/lua-language-server/meta/Lua%205.4%20zh-cn%20utf8/string.lua
[10:06:22.554][info] [#0:script/workspace/loading.lua:113]: ++++As library of:	file:///home/theuser/.config/nvim/lua/custom/lua-language-server/meta/Lua%205.4%20zh-cn%20utf8/string.lua
[10:06:22.554][info] [#0:script/workspace/loading.lua:101]: Preload file at: file:///home/theuser/.config/nvim/lua/custom/lua-language-server/meta/Lua%205.4%20zh-cn%20utf8/os.lua , size = 5.687 KB
[10:06:22.558][info] [#0:script/workspace/loading.lua:113]: ++++As library of:	file:///home/theuser/.config/nvim/lua/custom/lua-language-server/meta/Lua%205.4%20zh-cn%20utf8/os.lua
[10:06:22.558][info] [#0:script/workspace/loading.lua:89]: Skip loaded file: file:///home/theuser/.config/nvim/lua/custom/lua-language-server/meta/Lua%205.4%20zh-cn%20utf8/os.lua
[10:06:22.558][info] [#0:script/workspace/loading.lua:113]: ++++As library of:	file:///home/theuser/.config/nvim/lua/custom/lua-language-server/meta/Lua%205.4%20zh-cn%20utf8/os.lua
[10:06:22.558][info] [#0:script/workspace/loading.lua:101]: Preload file at: file:///home/theuser/.config/nvim/lua/custom/lua-language-server/meta/Lua%205.4%20zh-cn%20utf8/math.lua , size = 8.623 KB
[10:06:22.563][info] [#0:script/workspace/loading.lua:113]: ++++As library of:	file:///home/theuser/.config/nvim/lua/custom/lua-language-server/meta/Lua%205.4%20zh-cn%20utf8/math.lua
[10:06:22.563][info] [#0:script/workspace/loading.lua:89]: Skip loaded file: file:///home/theuser/.config/nvim/lua/custom/lua-language-server/meta/Lua%205.4%20zh-cn%20utf8/math.lua
[10:06:22.563][info] [#0:script/workspace/loading.lua:113]: ++++As library of:	file:///home/theuser/.config/nvim/lua/custom/lua-language-server/meta/Lua%205.4%20zh-cn%20utf8/math.lua
[10:06:22.564][info] [#0:script/workspace/loading.lua:101]: Preload file at: file:///home/theuser/.config/nvim/lua/custom/lua-language-server/meta/Lua%205.4%20zh-cn%20utf8/debug.lua , size = 7.489 KB
[10:06:22.569][info] [#0:script/workspace/loading.lua:113]: ++++As library of:	file:///home/theuser/.config/nvim/lua/custom/lua-language-server/meta/Lua%205.4%20zh-cn%20utf8/debug.lua
[10:06:22.569][info] [#0:script/workspace/loading.lua:89]: Skip loaded file: file:///home/theuser/.config/nvim/lua/custom/lua-language-server/meta/Lua%205.4%20zh-cn%20utf8/debug.lua
[10:06:22.569][info] [#0:script/workspace/loading.lua:113]: ++++As library of:	file:///home/theuser/.config/nvim/lua/custom/lua-language-server/meta/Lua%205.4%20zh-cn%20utf8/debug.lua
[10:06:22.569][info] [#0:script/workspace/loading.lua:101]: Preload file at: file:///home/theuser/.config/nvim/lua/custom/lua-language-server/meta/Lua%205.4%20zh-cn%20utf8/coroutine.lua , size = 2.712 KB
[10:06:22.571][info] [#0:script/workspace/loading.lua:113]: ++++As library of:	file:///home/theuser/.config/nvim/lua/custom/lua-language-server/meta/Lua%205.4%20zh-cn%20utf8/coroutine.lua
[10:06:22.571][info] [#0:script/workspace/loading.lua:89]: Skip loaded file: file:///home/theuser/.config/nvim/lua/custom/lua-language-server/meta/Lua%205.4%20zh-cn%20utf8/coroutine.lua
[10:06:22.571][info] [#0:script/workspace/loading.lua:113]: ++++As library of:	file:///home/theuser/.config/nvim/lua/custom/lua-language-server/meta/Lua%205.4%20zh-cn%20utf8/coroutine.lua
[10:06:22.571][info] [#0:script/workspace/loading.lua:173]: Loaded files takes [0.050] sec: <fallback>
[10:06:22.571][info] [#0:script/workspace/loading.lua:182]: Compile files takes [0.000] sec: <fallback>
[10:06:22.571][info] [#0:script/workspace/loading.lua:183]: Loaded finish:	<fallback>
[10:06:22.571][info] [#0:script/workspace/workspace.lua:381]: Preload finish at:	<fallback>
[10:06:22.575][info] [#0:script/workspace/loading.lua:173]: Loaded files takes [0.044] sec: file:///home/theuser/.config/nvim/lua/custom/lua-language-server/test_root/
[10:06:22.575][info] [#0:script/workspace/loading.lua:182]: Compile files takes [0.000] sec: file:///home/theuser/.config/nvim/lua/custom/lua-language-server/test_root/
[10:06:22.575][info] [#0:script/workspace/loading.lua:183]: Loaded finish:	file:///home/theuser/.config/nvim/lua/custom/lua-language-server/test_root/
[10:06:22.575][info] [#0:script/workspace/workspace.lua:381]: Preload finish at:	file:///home/theuser/.config/nvim/lua/custom/lua-language-server/test_root/
[10:06:26.279][warn] [#0:script/await.lua:200]: [fire]Await step takes [3.693] sec.
stack traceback:
[10:06:26.280][info] [#0:script/client.lua:657]: Client init	{}
[10:06:26.280][info] [#0:script/language.lua:137]: VSC language: zh-cn
[10:06:26.280][info] [#0:script/language.lua:138]: LS  language: zh-cn
[10:06:26.280][info] [#0:script/library.lua:212]: Init builtin library at:	nil
[10:06:26.313][info] [#0:script/library.lua:212]: Init builtin library at:	nil
[10:06:26.324][info] [#0:script/library.lua:212]: Init builtin library at:	nil
[10:06:26.334][info] [#0:script/library.lua:212]: Init builtin library at:	nil
[10:06:26.344][info] [#0:script/library.lua:212]: Init builtin library at:	nil
[10:06:26.354][info] [#0:script/library.lua:212]: Init builtin library at:	nil
[10:06:26.381][info] [#0:script/library.lua:212]: Init builtin library at:	nil
[10:06:26.393][info] [#0:script/library.lua:212]: Init builtin library at:	nil
[10:06:26.404][info] [#0:script/library.lua:212]: Init builtin library at:	nil
[10:06:26.414][info] [#0:script/library.lua:212]: Init builtin library at:	nil
[10:06:26.424][info] [#0:script/library.lua:212]: Init builtin library at:	nil
[10:06:26.434][info] [#0:script/library.lua:212]: Init builtin library at:	nil
[10:06:26.462][info] [#0:script/library.lua:212]: Init builtin library at:	nil
[10:06:26.472][info] [#0:script/library.lua:212]: Init builtin library at:	nil
[10:06:26.483][info] [#0:script/library.lua:212]: Init builtin library at:	nil
[10:06:26.493][info] [#0:script/library.lua:212]: Init builtin library at:	nil
[10:06:26.503][info] [#0:script/library.lua:212]: Init builtin library at:	nil
[10:06:26.529][info] [#0:script/library.lua:212]: Init builtin library at:	nil
[10:06:26.540][info] [#0:script/library.lua:212]: Init builtin library at:	nil
[10:06:26.551][info] [#0:script/library.lua:212]: Init builtin library at:	nil
[10:06:26.562][info] [#0:script/library.lua:212]: Init builtin library at:	nil
[10:06:26.572][info] [#0:script/library.lua:212]: Init builtin library at:	nil
[10:06:26.582][info] [#0:script/library.lua:212]: Init builtin library at:	nil
[10:06:26.610][info] [#0:script/library.lua:212]: Init builtin library at:	nil
[10:06:26.621][info] [#0:script/library.lua:212]: Init builtin library at:	nil
[10:06:26.632][info] [#0:script/library.lua:212]: Init builtin library at:	nil
[10:06:26.642][info] [#0:script/library.lua:212]: Init builtin library at:	nil
[10:06:26.653][info] [#0:script/library.lua:212]: Init builtin library at:	nil
[10:06:26.662][info] [#0:script/library.lua:212]: Init builtin library at:	nil
[10:06:26.691][info] [#0:script/library.lua:212]: Init builtin library at:	nil
[10:06:26.701][info] [#0:script/library.lua:212]: Init builtin library at:	nil
[10:06:26.711][info] [#0:script/library.lua:212]: Init builtin library at:	nil
[10:06:26.947][info] [#0:script/library.lua:212]: Init builtin library at:	nil
[10:06:27.001][warn] [#0:script/proto/proto.lua:187]: Method [initialize] takes [0.714]sec. {
  id = 2,
  method = "initialize",
  params = {}
}
[10:06:27.002][warn] [#0:script/config/loader.lua:116]: No config?	nil
[10:06:27.002][info] [#0:script/provider/provider.lua:61]: Load config from client	fallback
[10:06:27.002][info] [#0:script/provider/provider.lua:62]: nil
[10:06:27.002][info] [#0:script/library.lua:212]: Init builtin library at:	nil
[10:06:27.015][info] [#0:script/workspace/workspace.lua:324]: Preload start:	<fallback>
[10:06:27.017][info] [#0:script/workspace/workspace.lua:353]: Scan library at:	file:///home/theuser/.config/nvim/lua/custom/lua-language-server/meta/Lua%205.4%20zh-cn%20utf8/coroutine.lua
[10:06:27.017][info] [#0:script/workspace/workspace.lua:353]: Scan library at:	file:///home/theuser/.config/nvim/lua/custom/lua-language-server/meta/Lua%205.4%20zh-cn%20utf8/debug.lua
[10:06:27.017][info] [#0:script/workspace/workspace.lua:353]: Scan library at:	file:///home/theuser/.config/nvim/lua/custom/lua-language-server/meta/Lua%205.4%20zh-cn%20utf8/math.lua
[10:06:27.017][info] [#0:script/workspace/workspace.lua:353]: Scan library at:	file:///home/theuser/.config/nvim/lua/custom/lua-language-server/meta/Lua%205.4%20zh-cn%20utf8/os.lua
[10:06:27.017][info] [#0:script/workspace/workspace.lua:353]: Scan library at:	file:///home/theuser/.config/nvim/lua/custom/lua-language-server/meta/Lua%205.4%20zh-cn%20utf8/string.lua
[10:06:27.017][info] [#0:script/workspace/workspace.lua:353]: Scan library at:	file:///home/theuser/.config/nvim/lua/custom/lua-language-server/meta/Lua%205.4%20zh-cn%20utf8/table.lua
[10:06:27.017][info] [#0:script/workspace/workspace.lua:353]: Scan library at:	file:///home/theuser/.config/nvim/lua/custom/lua-language-server/meta/Lua%205.4%20zh-cn%20utf8/builtin.lua
[10:06:27.018][info] [#0:script/workspace/workspace.lua:353]: Scan library at:	file:///home/theuser/.config/nvim/lua/custom/lua-language-server/meta/Lua%205.4%20zh-cn%20utf8/utf8.lua
[10:06:27.018][info] [#0:script/workspace/workspace.lua:353]: Scan library at:	file:///home/theuser/.config/nvim/lua/custom/lua-language-server/meta/Lua%205.4%20zh-cn%20utf8/package.lua
[10:06:27.018][info] [#0:script/workspace/workspace.lua:353]: Scan library at:	file:///home/theuser/.config/nvim/lua/custom/lua-language-server/meta/Lua%205.4%20zh-cn%20utf8/io.lua
[10:06:27.018][info] [#0:script/workspace/workspace.lua:353]: Scan library at:	file:///home/theuser/.config/nvim/lua/custom/lua-language-server/meta/Lua%205.4%20zh-cn%20utf8/basic.lua
[10:06:27.018][info] [#0:script/workspace/workspace.lua:379]: Found 11 files at:	<fallback>
[10:06:27.018][info] [#0:script/workspace/loading.lua:161]: Load files from disk:	<fallback>
[10:06:27.018][info] [#0:script/workspace/loading.lua:101]: Preload file at: file:///home/theuser/.config/nvim/lua/custom/lua-language-server/meta/Lua%205.4%20zh-cn%20utf8/basic.lua , size = 15.405 KB
[10:06:27.028][info] [#0:script/workspace/loading.lua:113]: ++++As library of:	file:///home/theuser/.config/nvim/lua/custom/lua-language-server/meta/Lua%205.4%20zh-cn%20utf8/basic.lua
[10:06:27.028][info] [#0:script/workspace/loading.lua:101]: Preload file at: file:///home/theuser/.config/nvim/lua/custom/lua-language-server/meta/Lua%205.4%20zh-cn%20utf8/io.lua , size = 6.633 KB
[10:06:27.053][info] [#0:script/workspace/loading.lua:113]: ++++As library of:	file:///home/theuser/.config/nvim/lua/custom/lua-language-server/meta/Lua%205.4%20zh-cn%20utf8/io.lua
[10:06:27.053][info] [#0:script/workspace/loading.lua:101]: Preload file at: file:///home/theuser/.config/nvim/lua/custom/lua-language-server/meta/Lua%205.4%20zh-cn%20utf8/package.lua , size = 2.858 KB
[10:06:27.056][info] [#0:script/workspace/loading.lua:113]: ++++As library of:	file:///home/theuser/.config/nvim/lua/custom/lua-language-server/meta/Lua%205.4%20zh-cn%20utf8/package.lua
[10:06:27.056][info] [#0:script/workspace/loading.lua:101]: Preload file at: file:///home/theuser/.config/nvim/lua/custom/lua-language-server/meta/Lua%205.4%20zh-cn%20utf8/utf8.lua , size = 2.369 KB
[10:06:27.058][info] [#0:script/workspace/loading.lua:113]: ++++As library of:	file:///home/theuser/.config/nvim/lua/custom/lua-language-server/meta/Lua%205.4%20zh-cn%20utf8/utf8.lua
[10:06:27.058][info] [#0:script/workspace/loading.lua:101]: Preload file at: file:///home/theuser/.config/nvim/lua/custom/lua-language-server/meta/Lua%205.4%20zh-cn%20utf8/builtin.lua , size = 0.302 KB
[10:06:27.059][info] [#0:script/workspace/loading.lua:113]: ++++As library of:	file:///home/theuser/.config/nvim/lua/custom/lua-language-server/meta/Lua%205.4%20zh-cn%20utf8/builtin.lua
[10:06:27.059][info] [#0:script/workspace/loading.lua:101]: Preload file at: file:///home/theuser/.config/nvim/lua/custom/lua-language-server/meta/Lua%205.4%20zh-cn%20utf8/table.lua , size = 4.055 KB
[10:06:27.066][info] [#0:script/workspace/loading.lua:113]: ++++As library of:	file:///home/theuser/.config/nvim/lua/custom/lua-language-server/meta/Lua%205.4%20zh-cn%20utf8/table.lua
[10:06:27.067][info] [#0:script/workspace/loading.lua:101]: Preload file at: file:///home/theuser/.config/nvim/lua/custom/lua-language-server/meta/Lua%205.4%20zh-cn%20utf8/string.lua , size = 6.710 KB
[10:06:27.074][info] [#0:script/workspace/loading.lua:113]: ++++As library of:	file:///home/theuser/.config/nvim/lua/custom/lua-language-server/meta/Lua%205.4%20zh-cn%20utf8/string.lua
[10:06:27.074][info] [#0:script/workspace/loading.lua:101]: Preload file at: file:///home/theuser/.config/nvim/lua/custom/lua-language-server/meta/Lua%205.4%20zh-cn%20utf8/os.lua , size = 5.687 KB
[10:06:27.078][info] [#0:script/workspace/loading.lua:113]: ++++As library of:	file:///home/theuser/.config/nvim/lua/custom/lua-language-server/meta/Lua%205.4%20zh-cn%20utf8/os.lua
[10:06:27.078][info] [#0:script/workspace/loading.lua:101]: Preload file at: file:///home/theuser/.config/nvim/lua/custom/lua-language-server/meta/Lua%205.4%20zh-cn%20utf8/math.lua , size = 8.623 KB
[10:06:27.085][info] [#0:script/workspace/loading.lua:113]: ++++As library of:	file:///home/theuser/.config/nvim/lua/custom/lua-language-server/meta/Lua%205.4%20zh-cn%20utf8/math.lua
[10:06:27.085][info] [#0:script/workspace/loading.lua:101]: Preload file at: file:///home/theuser/.config/nvim/lua/custom/lua-language-server/meta/Lua%205.4%20zh-cn%20utf8/debug.lua , size = 7.489 KB
[10:06:27.091][info] [#0:script/workspace/loading.lua:113]: ++++As library of:	file:///home/theuser/.config/nvim/lua/custom/lua-language-server/meta/Lua%205.4%20zh-cn%20utf8/debug.lua
[10:06:27.092][info] [#0:script/workspace/loading.lua:101]: Preload file at: file:///home/theuser/.config/nvim/lua/custom/lua-language-server/meta/Lua%205.4%20zh-cn%20utf8/coroutine.lua , size = 2.712 KB
[10:06:27.111][info] [#0:script/workspace/loading.lua:113]: ++++As library of:	file:///home/theuser/.config/nvim/lua/custom/lua-language-server/meta/Lua%205.4%20zh-cn%20utf8/coroutine.lua
[10:06:27.111][info] [#0:script/workspace/loading.lua:173]: Loaded files takes [0.093] sec: <fallback>
[10:06:27.111][info] [#0:script/workspace/loading.lua:182]: Compile files takes [0.000] sec: <fallback>
[10:06:27.111][info] [#0:script/workspace/loading.lua:183]: Loaded finish:	<fallback>
[10:06:27.111][info] [#0:script/workspace/workspace.lua:381]: Preload finish at:	<fallback>
[10:06:27.121][info] [#0:script/client.lua:657]: Client init	{}
[10:06:27.121][info] [#0:script/language.lua:137]: VSC language: zh-cn
[10:06:27.121][info] [#0:script/language.lua:138]: LS  language: zh-cn
[10:06:27.123][info] [#0:script/provider/provider.lua:61]: Load config from client	fallback
[10:06:27.124][info] [#0:script/provider/provider.lua:62]: {
  Lua = {
    ["workspace.library"] = { "/home/theuser/.config/nvim/lua/custom/lua-language-server/log/large-file-library" }
  }
}
[10:06:27.124][info] [#0:script/library.lua:212]: Init builtin library at:	nil
[10:06:27.140][info] [#0:script/workspace/workspace.lua:324]: Preload start:	<fallback>
[10:06:27.142][info] [#0:script/workspace/workspace.lua:353]: Scan library at:	file:///home/theuser/.config/nvim/lua/custom/lua-language-server/meta/Lua%205.4%20zh-cn%20utf8/coroutine.lua
[10:06:27.142][info] [#0:script/workspace/workspace.lua:353]: Scan library at:	file:///home/theuser/.config/nvim/lua/custom/lua-language-server/meta/Lua%205.4%20zh-cn%20utf8/debug.lua
[10:06:27.142][info] [#0:script/workspace/workspace.lua:353]: Scan library at:	file:///home/theuser/.config/nvim/lua/custom/lua-language-server/meta/Lua%205.4%20zh-cn%20utf8/math.lua
[10:06:27.142][info] [#0:script/workspace/workspace.lua:353]: Scan library at:	file:///home/theuser/.config/nvim/lua/custom/lua-language-server/meta/Lua%205.4%20zh-cn%20utf8/os.lua
[10:06:27.142][info] [#0:script/workspace/workspace.lua:353]: Scan library at:	file:///home/theuser/.config/nvim/lua/custom/lua-language-server/log/large-file-library
[10:06:27.143][info] [#0:script/workspace/workspace.lua:353]: Scan library at:	file:///home/theuser/.config/nvim/lua/custom/lua-language-server/meta/Lua%205.4%20zh-cn%20utf8/table.lua
[10:06:27.143][info] [#0:script/workspace/workspace.lua:353]: Scan library at:	file:///home/theuser/.config/nvim/lua/custom/lua-language-server/meta/Lua%205.4%20zh-cn%20utf8/io.lua
[10:06:27.143][info] [#0:script/workspace/workspace.lua:353]: Scan library at:	file:///home/theuser/.config/nvim/lua/custom/lua-language-server/meta/Lua%205.4%20zh-cn%20utf8/string.lua
[10:06:27.144][info] [#0:script/workspace/workspace.lua:353]: Scan library at:	file:///home/theuser/.config/nvim/lua/custom/lua-language-server/meta/Lua%205.4%20zh-cn%20utf8/basic.lua
[10:06:27.144][info] [#0:script/workspace/workspace.lua:353]: Scan library at:	file:///home/theuser/.config/nvim/lua/custom/lua-language-server/meta/Lua%205.4%20zh-cn%20utf8/package.lua
[10:06:27.144][info] [#0:script/workspace/workspace.lua:353]: Scan library at:	file:///home/theuser/.config/nvim/lua/custom/lua-language-server/meta/Lua%205.4%20zh-cn%20utf8/utf8.lua
[10:06:27.144][info] [#0:script/workspace/workspace.lua:353]: Scan library at:	file:///home/theuser/.config/nvim/lua/custom/lua-language-server/meta/Lua%205.4%20zh-cn%20utf8/builtin.lua
[10:06:27.144][info] [#0:script/workspace/workspace.lua:379]: Found 12 files at:	<fallback>
[10:06:27.144][info] [#0:script/workspace/loading.lua:161]: Load files from disk:	<fallback>
[10:06:27.144][info] [#0:script/workspace/loading.lua:101]: Preload file at: file:///home/theuser/.config/nvim/lua/custom/lua-language-server/meta/Lua%205.4%20zh-cn%20utf8/builtin.lua , size = 0.302 KB
[10:06:27.145][info] [#0:script/workspace/loading.lua:113]: ++++As library of:	file:///home/theuser/.config/nvim/lua/custom/lua-language-server/meta/Lua%205.4%20zh-cn%20utf8/builtin.lua
[10:06:27.145][info] [#0:script/workspace/loading.lua:101]: Preload file at: file:///home/theuser/.config/nvim/lua/custom/lua-language-server/meta/Lua%205.4%20zh-cn%20utf8/utf8.lua , size = 2.369 KB
[10:06:27.147][info] [#0:script/workspace/loading.lua:113]: ++++As library of:	file:///home/theuser/.config/nvim/lua/custom/lua-language-server/meta/Lua%205.4%20zh-cn%20utf8/utf8.lua
[10:06:27.147][info] [#0:script/workspace/loading.lua:101]: Preload file at: file:///home/theuser/.config/nvim/lua/custom/lua-language-server/meta/Lua%205.4%20zh-cn%20utf8/package.lua , size = 2.858 KB
[10:06:27.149][info] [#0:script/workspace/loading.lua:113]: ++++As library of:	file:///home/theuser/.config/nvim/lua/custom/lua-language-server/meta/Lua%205.4%20zh-cn%20utf8/package.lua
[10:06:27.149][info] [#0:script/workspace/loading.lua:101]: Preload file at: file:///home/theuser/.config/nvim/lua/custom/lua-language-server/meta/Lua%205.4%20zh-cn%20utf8/basic.lua , size = 15.405 KB
[10:06:27.179][info] [#0:script/workspace/loading.lua:113]: ++++As library of:	file:///home/theuser/.config/nvim/lua/custom/lua-language-server/meta/Lua%205.4%20zh-cn%20utf8/basic.lua
[10:06:27.179][info] [#0:script/workspace/loading.lua:101]: Preload file at: file:///home/theuser/.config/nvim/lua/custom/lua-language-server/meta/Lua%205.4%20zh-cn%20utf8/string.lua , size = 6.710 KB
[10:06:27.184][info] [#0:script/workspace/loading.lua:113]: ++++As library of:	file:///home/theuser/.config/nvim/lua/custom/lua-language-server/meta/Lua%205.4%20zh-cn%20utf8/string.lua
[10:06:27.185][info] [#0:script/workspace/loading.lua:101]: Preload file at: file:///home/theuser/.config/nvim/lua/custom/lua-language-server/meta/Lua%205.4%20zh-cn%20utf8/io.lua , size = 6.633 KB
[10:06:27.190][info] [#0:script/workspace/loading.lua:113]: ++++As library of:	file:///home/theuser/.config/nvim/lua/custom/lua-language-server/meta/Lua%205.4%20zh-cn%20utf8/io.lua
[10:06:27.190][info] [#0:script/workspace/loading.lua:101]: Preload file at: file:///home/theuser/.config/nvim/lua/custom/lua-language-server/meta/Lua%205.4%20zh-cn%20utf8/table.lua , size = 4.055 KB
[10:06:27.194][info] [#0:script/workspace/loading.lua:113]: ++++As library of:	file:///home/theuser/.config/nvim/lua/custom/lua-language-server/meta/Lua%205.4%20zh-cn%20utf8/table.lua
[10:06:27.199][info] [#0:script/workspace/loading.lua:101]: Preload file at: file:///home/theuser/.config/nvim/lua/custom/lua-language-server/log/large-file-library/large-file.lua , size = 2246.094 KB
[10:06:27.537][warn] [#0:script/files.lua:695]: Compile [file:///home/theuser/.config/nvim/lua/custom/lua-language-server/log/large-file-library/large-file.lua] takes [0.337] sec, size [2300.000] kb.
[10:06:27.951][warn] [#0:script/files.lua:558]: Parse LuaDoc of [file:///home/theuser/.config/nvim/lua/custom/lua-language-server/log/large-file-library/large-file.lua] takes [0.414] sec, size [2300.000] kb.
[10:06:28.038][info] [#0:script/workspace/loading.lua:113]: ++++As library of:	file:///home/theuser/.config/nvim/lua/custom/lua-language-server/log/large-file-library
[10:06:28.038][warn] [#0:script/await.lua:191]: Await step takes [0.843] sec.
[10:06:28.038][info] [#0:script/workspace/loading.lua:101]: Preload file at: file:///home/theuser/.config/nvim/lua/custom/lua-language-server/meta/Lua%205.4%20zh-cn%20utf8/os.lua , size = 5.687 KB
[10:06:28.042][info] [#0:script/workspace/loading.lua:113]: ++++As library of:	file:///home/theuser/.config/nvim/lua/custom/lua-language-server/meta/Lua%205.4%20zh-cn%20utf8/os.lua
[10:06:28.042][info] [#0:script/workspace/loading.lua:101]: Preload file at: file:///home/theuser/.config/nvim/lua/custom/lua-language-server/meta/Lua%205.4%20zh-cn%20utf8/math.lua , size = 8.623 KB
[10:06:28.047][info] [#0:script/workspace/loading.lua:113]: ++++As library of:	file:///home/theuser/.config/nvim/lua/custom/lua-language-server/meta/Lua%205.4%20zh-cn%20utf8/math.lua
[10:06:28.047][info] [#0:script/workspace/loading.lua:101]: Preload file at: file:///home/theuser/.config/nvim/lua/custom/lua-language-server/meta/Lua%205.4%20zh-cn%20utf8/debug.lua , size = 7.489 KB
[10:06:28.053][info] [#0:script/workspace/loading.lua:113]: ++++As library of:	file:///home/theuser/.config/nvim/lua/custom/lua-language-server/meta/Lua%205.4%20zh-cn%20utf8/debug.lua
[10:06:28.054][info] [#0:script/workspace/loading.lua:101]: Preload file at: file:///home/theuser/.config/nvim/lua/custom/lua-language-server/meta/Lua%205.4%20zh-cn%20utf8/coroutine.lua , size = 2.712 KB
[10:06:28.056][info] [#0:script/workspace/loading.lua:113]: ++++As library of:	file:///home/theuser/.config/nvim/lua/custom/lua-language-server/meta/Lua%205.4%20zh-cn%20utf8/coroutine.lua
[10:06:28.056][info] [#0:script/workspace/loading.lua:173]: Loaded files takes [0.910] sec: <fallback>
[10:06:28.056][info] [#0:script/workspace/loading.lua:182]: Compile files takes [0.000] sec: <fallback>
[10:06:28.056][info] [#0:script/workspace/loading.lua:183]: Loaded finish:	<fallback>
[10:06:28.056][info] [#0:script/workspace/workspace.lua:381]: Preload finish at:	<fallback>
[10:06:28.059][info] [#0:script/client.lua:657]: Client init	{
  rootPath = "/home/theuser/.config/nvim/lua/custom/lua-language-server/log/multi-workspace",
  rootUri = "file:///home/theuser/.config/nvim/lua/custom/lua-language-server/log/multi-workspace",
  workspaceFolders = { {
      name = "ws1",
      uri = "file:///home/theuser/.config/nvim/lua/custom/lua-language-server/log/multi-workspace/ws1"
    }, {
      name = "ws2",
      uri = "file:///home/theuser/.config/nvim/lua/custom/lua-language-server/log/multi-workspace/ws2"
    } }
}
[10:06:28.059][info] [#0:script/language.lua:137]: VSC language: zh-cn
[10:06:28.059][info] [#0:script/language.lua:138]: LS  language: zh-cn
[10:06:28.059][info] [#0:script/workspace/workspace.lua:38]: Workspace init root: 	file:///home/theuser/.config/nvim/lua/custom/lua-language-server/log/multi-workspace
[10:06:28.059][info] [#0:script/workspace/workspace.lua:42]: Log path: 	/home/theuser/.config/nvim/lua/custom/lua-language-server/log/file_home_theuser_.config_nvim_lua_custom_lua-language-server_log_multi-workspace.log
[10:06:28.059][info] [#0:script/workspace/workspace.lua:48]: Workspace create: 	file:///home/theuser/.config/nvim/lua/custom/lua-language-server/log/multi-workspace/ws1
[10:06:28.059][info] [#0:script/workspace/workspace.lua:48]: Workspace create: 	file:///home/theuser/.config/nvim/lua/custom/lua-language-server/log/multi-workspace/ws2
[10:06:28.061][info] [#0:script/provider/provider.lua:46]: Load config from client	file:///home/theuser/.config/nvim/lua/custom/lua-language-server/log/multi-workspace/ws1
[10:06:28.061][info] [#0:script/provider/provider.lua:47]: {
  Lua = {
    ["workspace.library"] = { "/home/theuser/.config/nvim/lua/custom/lua-language-server/log/multi-workspace/share", "/home/theuser/.config/nvim/lua/custom/lua-language-server/log/multi-workspace/lb1" }
  }
}
[10:06:28.061][info] [#0:script/provider/provider.lua:46]: Load config from client	file:///home/theuser/.config/nvim/lua/custom/lua-language-server/log/multi-workspace/ws2
[10:06:28.061][info] [#0:script/provider/provider.lua:47]: {
  Lua = {
    ["workspace.library"] = { "/home/theuser/.config/nvim/lua/custom/lua-language-server/log/multi-workspace/share", "/home/theuser/.config/nvim/lua/custom/lua-language-server/log/multi-workspace/lb2" }
  }
}
[10:06:28.061][warn] [#0:script/config/loader.lua:116]: No config?	{}
[10:06:28.061][info] [#0:script/provider/provider.lua:61]: Load config from client	fallback
[10:06:28.061][info] [#0:script/provider/provider.lua:62]: nil
[10:06:28.063][info] [#0:script/library.lua:212]: Init builtin library at:	file:///home/theuser/.config/nvim/lua/custom/lua-language-server/log/multi-workspace/ws1
[10:06:28.075][info] [#0:script/plugin.lua:86]: plugin path:	/home/theuser/.config/nvim/lua/custom/lua-language-server/log/multi-workspace/ws1
[10:06:28.075][warn] [#0:script/plugin.lua:101]: plugin not found:	/home/theuser/.config/nvim/lua/custom/lua-language-server/log/multi-workspace/ws1
[10:06:28.075][info] [#0:script/library.lua:212]: Init builtin library at:	file:///home/theuser/.config/nvim/lua/custom/lua-language-server/log/multi-workspace/ws2
[10:06:28.090][info] [#0:script/plugin.lua:86]: plugin path:	/home/theuser/.config/nvim/lua/custom/lua-language-server/log/multi-workspace/ws2
[10:06:28.090][warn] [#0:script/plugin.lua:101]: plugin not found:	/home/theuser/.config/nvim/lua/custom/lua-language-server/log/multi-workspace/ws2
[10:06:28.090][info] [#0:script/library.lua:212]: Init builtin library at:	nil
[10:06:28.103][info] [#0:script/workspace/workspace.lua:324]: Preload start:	file:///home/theuser/.config/nvim/lua/custom/lua-language-server/log/multi-workspace/ws1
[10:06:28.106][info] [#0:script/workspace/workspace.lua:330]: Scan files at:	file:///home/theuser/.config/nvim/lua/custom/lua-language-server/log/multi-workspace/ws1
[10:06:28.106][info] [#0:script/workspace/workspace.lua:324]: Preload start:	file:///home/theuser/.config/nvim/lua/custom/lua-language-server/log/multi-workspace/ws2
[10:06:28.109][info] [#0:script/workspace/workspace.lua:330]: Scan files at:	file:///home/theuser/.config/nvim/lua/custom/lua-language-server/log/multi-workspace/ws2
[10:06:28.109][info] [#0:script/workspace/workspace.lua:324]: Preload start:	<fallback>
[10:06:28.111][info] [#0:script/workspace/workspace.lua:353]: Scan library at:	file:///home/theuser/.config/nvim/lua/custom/lua-language-server/meta/Lua%205.4%20zh-cn%20utf8/coroutine.lua
[10:06:28.111][info] [#0:script/workspace/workspace.lua:353]: Scan library at:	file:///home/theuser/.config/nvim/lua/custom/lua-language-server/meta/Lua%205.4%20zh-cn%20utf8/coroutine.lua
[10:06:28.111][info] [#0:script/workspace/workspace.lua:353]: Scan library at:	file:///home/theuser/.config/nvim/lua/custom/lua-language-server/meta/Lua%205.4%20zh-cn%20utf8/coroutine.lua
[10:06:28.111][info] [#0:script/workspace/workspace.lua:353]: Scan library at:	file:///home/theuser/.config/nvim/lua/custom/lua-language-server/meta/Lua%205.4%20zh-cn%20utf8/debug.lua
[10:06:28.111][info] [#0:script/workspace/workspace.lua:353]: Scan library at:	file:///home/theuser/.config/nvim/lua/custom/lua-language-server/meta/Lua%205.4%20zh-cn%20utf8/debug.lua
[10:06:28.112][info] [#0:script/workspace/workspace.lua:353]: Scan library at:	file:///home/theuser/.config/nvim/lua/custom/lua-language-server/meta/Lua%205.4%20zh-cn%20utf8/debug.lua
[10:06:28.112][info] [#0:script/workspace/workspace.lua:353]: Scan library at:	file:///home/theuser/.config/nvim/lua/custom/lua-language-server/meta/Lua%205.4%20zh-cn%20utf8/math.lua
[10:06:28.112][info] [#0:script/workspace/workspace.lua:353]: Scan library at:	file:///home/theuser/.config/nvim/lua/custom/lua-language-server/meta/Lua%205.4%20zh-cn%20utf8/math.lua
[10:06:28.112][info] [#0:script/workspace/workspace.lua:353]: Scan library at:	file:///home/theuser/.config/nvim/lua/custom/lua-language-server/meta/Lua%205.4%20zh-cn%20utf8/math.lua
[10:06:28.112][info] [#0:script/workspace/workspace.lua:353]: Scan library at:	file:///home/theuser/.config/nvim/lua/custom/lua-language-server/meta/Lua%205.4%20zh-cn%20utf8/os.lua
[10:06:28.112][info] [#0:script/workspace/workspace.lua:353]: Scan library at:	file:///home/theuser/.config/nvim/lua/custom/lua-language-server/meta/Lua%205.4%20zh-cn%20utf8/os.lua
[10:06:28.112][info] [#0:script/workspace/workspace.lua:353]: Scan library at:	file:///home/theuser/.config/nvim/lua/custom/lua-language-server/meta/Lua%205.4%20zh-cn%20utf8/os.lua
[10:06:28.112][info] [#0:script/workspace/workspace.lua:353]: Scan library at:	file:///home/theuser/.config/nvim/lua/custom/lua-language-server/meta/Lua%205.4%20zh-cn%20utf8/string.lua
[10:06:28.113][info] [#0:script/workspace/workspace.lua:353]: Scan library at:	file:///home/theuser/.config/nvim/lua/custom/lua-language-server/meta/Lua%205.4%20zh-cn%20utf8/string.lua
[10:06:28.113][info] [#0:script/workspace/workspace.lua:353]: Scan library at:	file:///home/theuser/.config/nvim/lua/custom/lua-language-server/meta/Lua%205.4%20zh-cn%20utf8/string.lua
[10:06:28.113][info] [#0:script/workspace/workspace.lua:353]: Scan library at:	file:///home/theuser/.config/nvim/lua/custom/lua-language-server/meta/Lua%205.4%20zh-cn%20utf8/table.lua
[10:06:28.113][info] [#0:script/workspace/workspace.lua:353]: Scan library at:	file:///home/theuser/.config/nvim/lua/custom/lua-language-server/log/multi-workspace/lb1
[10:06:28.113][info] [#0:script/workspace/workspace.lua:353]: Scan library at:	file:///home/theuser/.config/nvim/lua/custom/lua-language-server/meta/Lua%205.4%20zh-cn%20utf8/table.lua
[10:06:28.114][info] [#0:script/workspace/workspace.lua:353]: Scan library at:	file:///home/theuser/.config/nvim/lua/custom/lua-language-server/meta/Lua%205.4%20zh-cn%20utf8/builtin.lua
[10:06:28.114][info] [#0:script/workspace/workspace.lua:353]: Scan library at:	file:///home/theuser/.config/nvim/lua/custom/lua-language-server/meta/Lua%205.4%20zh-cn%20utf8/builtin.lua
[10:06:28.114][info] [#0:script/workspace/workspace.lua:353]: Scan library at:	file:///home/theuser/.config/nvim/lua/custom/lua-language-server/meta/Lua%205.4%20zh-cn%20utf8/builtin.lua
[10:06:28.114][info] [#0:script/workspace/workspace.lua:353]: Scan library at:	file:///home/theuser/.config/nvim/lua/custom/lua-language-server/meta/Lua%205.4%20zh-cn%20utf8/utf8.lua
[10:06:28.114][info] [#0:script/workspace/workspace.lua:353]: Scan library at:	file:///home/theuser/.config/nvim/lua/custom/lua-language-server/meta/Lua%205.4%20zh-cn%20utf8/io.lua
[10:06:28.114][info] [#0:script/workspace/workspace.lua:353]: Scan library at:	file:///home/theuser/.config/nvim/lua/custom/lua-language-server/log/multi-workspace/lb2
[10:06:28.115][info] [#0:script/workspace/workspace.lua:353]: Scan library at:	file:///home/theuser/.config/nvim/lua/custom/lua-language-server/meta/Lua%205.4%20zh-cn%20utf8/package.lua
[10:06:28.115][info] [#0:script/workspace/workspace.lua:353]: Scan library at:	file:///home/theuser/.config/nvim/lua/custom/lua-language-server/meta/Lua%205.4%20zh-cn%20utf8/utf8.lua
[10:06:28.115][info] [#0:script/workspace/workspace.lua:353]: Scan library at:	file:///home/theuser/.config/nvim/lua/custom/lua-language-server/meta/Lua%205.4%20zh-cn%20utf8/utf8.lua
[10:06:28.115][info] [#0:script/workspace/workspace.lua:353]: Scan library at:	file:///home/theuser/.config/nvim/lua/custom/lua-language-server/meta/Lua%205.4%20zh-cn%20utf8/io.lua
[10:06:28.115][info] [#0:script/workspace/workspace.lua:353]: Scan library at:	file:///home/theuser/.config/nvim/lua/custom/lua-language-server/meta/Lua%205.4%20zh-cn%20utf8/basic.lua
[10:06:28.115][info] [#0:script/workspace/workspace.lua:353]: Scan library at:	file:///home/theuser/.config/nvim/lua/custom/lua-language-server/meta/Lua%205.4%20zh-cn%20utf8/basic.lua
[10:06:28.115][info] [#0:script/workspace/workspace.lua:353]: Scan library at:	file:///home/theuser/.config/nvim/lua/custom/lua-language-server/meta/Lua%205.4%20zh-cn%20utf8/basic.lua
[10:06:28.116][info] [#0:script/workspace/workspace.lua:353]: Scan library at:	file:///home/theuser/.config/nvim/lua/custom/lua-language-server/meta/Lua%205.4%20zh-cn%20utf8/package.lua
[10:06:28.116][info] [#0:script/workspace/workspace.lua:353]: Scan library at:	file:///home/theuser/.config/nvim/lua/custom/lua-language-server/meta/Lua%205.4%20zh-cn%20utf8/package.lua
[10:06:28.116][info] [#0:script/workspace/workspace.lua:353]: Scan library at:	file:///home/theuser/.config/nvim/lua/custom/lua-language-server/log/multi-workspace/share
[10:06:28.116][info] [#0:script/workspace/workspace.lua:353]: Scan library at:	file:///home/theuser/.config/nvim/lua/custom/lua-language-server/log/multi-workspace/share
[10:06:28.116][info] [#0:script/workspace/workspace.lua:353]: Scan library at:	file:///home/theuser/.config/nvim/lua/custom/lua-language-server/meta/Lua%205.4%20zh-cn%20utf8/table.lua
[10:06:28.116][info] [#0:script/workspace/workspace.lua:353]: Scan library at:	file:///home/theuser/.config/nvim/lua/custom/lua-language-server/meta/Lua%205.4%20zh-cn%20utf8/io.lua
[10:06:28.117][info] [#0:script/workspace/workspace.lua:379]: Found 11 files at:	<fallback>
[10:06:28.117][info] [#0:script/workspace/loading.lua:161]: Load files from disk:	<fallback>
[10:06:28.117][info] [#0:script/workspace/loading.lua:101]: Preload file at: file:///home/theuser/.config/nvim/lua/custom/lua-language-server/meta/Lua%205.4%20zh-cn%20utf8/basic.lua , size = 15.405 KB
[10:06:28.125][info] [#0:script/workspace/loading.lua:113]: ++++As library of:	file:///home/theuser/.config/nvim/lua/custom/lua-language-server/meta/Lua%205.4%20zh-cn%20utf8/basic.lua
[10:06:28.125][info] [#0:script/workspace/workspace.lua:379]: Found 14 files at:	file:///home/theuser/.config/nvim/lua/custom/lua-language-server/log/multi-workspace/ws1
[10:06:28.125][info] [#0:script/workspace/loading.lua:161]: Load files from disk:	file:///home/theuser/.config/nvim/lua/custom/lua-language-server/log/multi-workspace/ws1
[10:06:28.125][info] [#0:script/workspace/loading.lua:101]: Preload file at: file:///home/theuser/.config/nvim/lua/custom/lua-language-server/meta/Lua%205.4%20zh-cn%20utf8/table.lua , size = 4.055 KB
[10:06:28.129][info] [#0:script/workspace/loading.lua:113]: ++++As library of:	file:///home/theuser/.config/nvim/lua/custom/lua-language-server/meta/Lua%205.4%20zh-cn%20utf8/table.lua
[10:06:28.129][info] [#0:script/workspace/workspace.lua:379]: Found 14 files at:	file:///home/theuser/.config/nvim/lua/custom/lua-language-server/log/multi-workspace/ws2
[10:06:28.129][info] [#0:script/workspace/loading.lua:161]: Load files from disk:	file:///home/theuser/.config/nvim/lua/custom/lua-language-server/log/multi-workspace/ws2
[10:06:28.129][info] [#0:script/workspace/loading.lua:101]: Preload file at: file:///home/theuser/.config/nvim/lua/custom/lua-language-server/meta/Lua%205.4%20zh-cn%20utf8/io.lua , size = 6.633 KB
[10:06:28.133][info] [#0:script/workspace/loading.lua:113]: ++++As library of:	file:///home/theuser/.config/nvim/lua/custom/lua-language-server/meta/Lua%205.4%20zh-cn%20utf8/io.lua
[10:06:28.133][info] [#0:script/workspace/loading.lua:89]: Skip loaded file: file:///home/theuser/.config/nvim/lua/custom/lua-language-server/meta/Lua%205.4%20zh-cn%20utf8/io.lua
[10:06:28.133][info] [#0:script/workspace/loading.lua:113]: ++++As library of:	file:///home/theuser/.config/nvim/lua/custom/lua-language-server/meta/Lua%205.4%20zh-cn%20utf8/io.lua
[10:06:28.134][info] [#0:script/workspace/loading.lua:101]: Preload file at: file:///home/theuser/.config/nvim/lua/custom/lua-language-server/log/multi-workspace/share/test.lua , size = 0.000 KB
[10:06:28.134][info] [#0:script/workspace/loading.lua:113]: ++++As library of:	file:///home/theuser/.config/nvim/lua/custom/lua-language-server/log/multi-workspace/share
[10:06:28.134][info] [#0:script/workspace/loading.lua:89]: Skip loaded file: file:///home/theuser/.config/nvim/lua/custom/lua-language-server/log/multi-workspace/share/test.lua
[10:06:28.134][info] [#0:script/workspace/loading.lua:113]: ++++As library of:	file:///home/theuser/.config/nvim/lua/custom/lua-language-server/log/multi-workspace/share
[10:06:28.134][info] [#0:script/workspace/loading.lua:101]: Preload file at: file:///home/theuser/.config/nvim/lua/custom/lua-language-server/meta/Lua%205.4%20zh-cn%20utf8/package.lua , size = 2.858 KB
[10:06:28.136][info] [#0:script/workspace/loading.lua:113]: ++++As library of:	file:///home/theuser/.config/nvim/lua/custom/lua-language-server/meta/Lua%205.4%20zh-cn%20utf8/package.lua
[10:06:28.136][info] [#0:script/workspace/loading.lua:89]: Skip loaded file: file:///home/theuser/.config/nvim/lua/custom/lua-language-server/meta/Lua%205.4%20zh-cn%20utf8/package.lua
[10:06:28.136][info] [#0:script/workspace/loading.lua:113]: ++++As library of:	file:///home/theuser/.config/nvim/lua/custom/lua-language-server/meta/Lua%205.4%20zh-cn%20utf8/package.lua
[10:06:28.136][info] [#0:script/workspace/loading.lua:89]: Skip loaded file: file:///home/theuser/.config/nvim/lua/custom/lua-language-server/meta/Lua%205.4%20zh-cn%20utf8/package.lua
[10:06:28.136][info] [#0:script/workspace/loading.lua:113]: ++++As library of:	file:///home/theuser/.config/nvim/lua/custom/lua-language-server/meta/Lua%205.4%20zh-cn%20utf8/package.lua
[10:06:28.136][info] [#0:script/workspace/loading.lua:101]: Preload file at: file:///home/theuser/.config/nvim/lua/custom/lua-language-server/meta/Lua%205.4%20zh-cn%20utf8/utf8.lua , size = 2.369 KB
[10:06:28.138][info] [#0:script/workspace/loading.lua:113]: ++++As library of:	file:///home/theuser/.config/nvim/lua/custom/lua-language-server/meta/Lua%205.4%20zh-cn%20utf8/utf8.lua
[10:06:28.138][info] [#0:script/workspace/loading.lua:89]: Skip loaded file: file:///home/theuser/.config/nvim/lua/custom/lua-language-server/meta/Lua%205.4%20zh-cn%20utf8/basic.lua
[10:06:28.138][info] [#0:script/workspace/loading.lua:113]: ++++As library of:	file:///home/theuser/.config/nvim/lua/custom/lua-language-server/meta/Lua%205.4%20zh-cn%20utf8/basic.lua
[10:06:28.138][info] [#0:script/workspace/loading.lua:89]: Skip loaded file: file:///home/theuser/.config/nvim/lua/custom/lua-language-server/meta/Lua%205.4%20zh-cn%20utf8/basic.lua
[10:06:28.138][info] [#0:script/workspace/loading.lua:113]: ++++As library of:	file:///home/theuser/.config/nvim/lua/custom/lua-language-server/meta/Lua%205.4%20zh-cn%20utf8/basic.lua
[10:06:28.138][info] [#0:script/workspace/loading.lua:101]: Preload file at: file:///home/theuser/.config/nvim/lua/custom/lua-language-server/meta/Lua%205.4%20zh-cn%20utf8/builtin.lua , size = 0.302 KB
[10:06:28.139][info] [#0:script/workspace/loading.lua:113]: ++++As library of:	file:///home/theuser/.config/nvim/lua/custom/lua-language-server/meta/Lua%205.4%20zh-cn%20utf8/builtin.lua
[10:06:28.139][info] [#0:script/workspace/loading.lua:89]: Skip loaded file: file:///home/theuser/.config/nvim/lua/custom/lua-language-server/meta/Lua%205.4%20zh-cn%20utf8/utf8.lua
[10:06:28.139][info] [#0:script/workspace/loading.lua:113]: ++++As library of:	file:///home/theuser/.config/nvim/lua/custom/lua-language-server/meta/Lua%205.4%20zh-cn%20utf8/utf8.lua
[10:06:28.139][info] [#0:script/workspace/loading.lua:89]: Skip loaded file: file:///home/theuser/.config/nvim/lua/custom/lua-language-server/meta/Lua%205.4%20zh-cn%20utf8/utf8.lua
[10:06:28.139][info] [#0:script/workspace/loading.lua:113]: ++++As library of:	file:///home/theuser/.config/nvim/lua/custom/lua-language-server/meta/Lua%205.4%20zh-cn%20utf8/utf8.lua
[10:06:28.139][info] [#0:script/workspace/loading.lua:89]: Skip loaded file: file:///home/theuser/.config/nvim/lua/custom/lua-language-server/meta/Lua%205.4%20zh-cn%20utf8/table.lua
[10:06:28.139][info] [#0:script/workspace/loading.lua:113]: ++++As library of:	file:///home/theuser/.config/nvim/lua/custom/lua-language-server/meta/Lua%205.4%20zh-cn%20utf8/table.lua
[10:06:28.139][info] [#0:script/workspace/loading.lua:89]: Skip loaded file: file:///home/theuser/.config/nvim/lua/custom/lua-language-server/meta/Lua%205.4%20zh-cn%20utf8/io.lua
[10:06:28.139][info] [#0:script/workspace/loading.lua:113]: ++++As library of:	file:///home/theuser/.config/nvim/lua/custom/lua-language-server/meta/Lua%205.4%20zh-cn%20utf8/io.lua
[10:06:28.139][info] [#0:script/workspace/loading.lua:101]: Preload file at: file:///home/theuser/.config/nvim/lua/custom/lua-language-server/log/multi-workspace/lb2/test.lua , size = 0.000 KB
[10:06:28.139][info] [#0:script/workspace/loading.lua:113]: ++++As library of:	file:///home/theuser/.config/nvim/lua/custom/lua-language-server/log/multi-workspace/lb2
[10:06:28.139][info] [#0:script/workspace/loading.lua:101]: Preload file at: file:///home/theuser/.config/nvim/lua/custom/lua-language-server/meta/Lua%205.4%20zh-cn%20utf8/string.lua , size = 6.710 KB
[10:06:28.144][info] [#0:script/workspace/loading.lua:113]: ++++As library of:	file:///home/theuser/.config/nvim/lua/custom/lua-language-server/meta/Lua%205.4%20zh-cn%20utf8/string.lua
[10:06:28.144][info] [#0:script/workspace/loading.lua:89]: Skip loaded file: file:///home/theuser/.config/nvim/lua/custom/lua-language-server/meta/Lua%205.4%20zh-cn%20utf8/builtin.lua
[10:06:28.144][info] [#0:script/workspace/loading.lua:113]: ++++As library of:	file:///home/theuser/.config/nvim/lua/custom/lua-language-server/meta/Lua%205.4%20zh-cn%20utf8/builtin.lua
[10:06:28.144][info] [#0:script/workspace/loading.lua:89]: Skip loaded file: file:///home/theuser/.config/nvim/lua/custom/lua-language-server/meta/Lua%205.4%20zh-cn%20utf8/builtin.lua
[10:06:28.144][info] [#0:script/workspace/loading.lua:113]: ++++As library of:	file:///home/theuser/.config/nvim/lua/custom/lua-language-server/meta/Lua%205.4%20zh-cn%20utf8/builtin.lua
[10:06:28.144][info] [#0:script/workspace/loading.lua:101]: Preload file at: file:///home/theuser/.config/nvim/lua/custom/lua-language-server/meta/Lua%205.4%20zh-cn%20utf8/os.lua , size = 5.687 KB
[10:06:28.148][info] [#0:script/workspace/loading.lua:113]: ++++As library of:	file:///home/theuser/.config/nvim/lua/custom/lua-language-server/meta/Lua%205.4%20zh-cn%20utf8/os.lua
[10:06:28.148][info] [#0:script/workspace/loading.lua:101]: Preload file at: file:///home/theuser/.config/nvim/lua/custom/lua-language-server/log/multi-workspace/lb1/test.lua , size = 0.000 KB
[10:06:28.148][info] [#0:script/workspace/loading.lua:113]: ++++As library of:	file:///home/theuser/.config/nvim/lua/custom/lua-language-server/log/multi-workspace/lb1
[10:06:28.148][info] [#0:script/workspace/loading.lua:89]: Skip loaded file: file:///home/theuser/.config/nvim/lua/custom/lua-language-server/meta/Lua%205.4%20zh-cn%20utf8/table.lua
[10:06:28.148][info] [#0:script/workspace/loading.lua:113]: ++++As library of:	file:///home/theuser/.config/nvim/lua/custom/lua-language-server/meta/Lua%205.4%20zh-cn%20utf8/table.lua
[10:06:28.148][info] [#0:script/workspace/loading.lua:101]: Preload file at: file:///home/theuser/.config/nvim/lua/custom/lua-language-server/meta/Lua%205.4%20zh-cn%20utf8/math.lua , size = 8.623 KB
[10:06:28.154][info] [#0:script/workspace/loading.lua:113]: ++++As library of:	file:///home/theuser/.config/nvim/lua/custom/lua-language-server/meta/Lua%205.4%20zh-cn%20utf8/math.lua
[10:06:28.154][info] [#0:script/workspace/loading.lua:89]: Skip loaded file: file:///home/theuser/.config/nvim/lua/custom/lua-language-server/meta/Lua%205.4%20zh-cn%20utf8/string.lua
[10:06:28.154][info] [#0:script/workspace/loading.lua:113]: ++++As library of:	file:///home/theuser/.config/nvim/lua/custom/lua-language-server/meta/Lua%205.4%20zh-cn%20utf8/string.lua
[10:06:28.154][info] [#0:script/workspace/loading.lua:89]: Skip loaded file: file:///home/theuser/.config/nvim/lua/custom/lua-language-server/meta/Lua%205.4%20zh-cn%20utf8/string.lua
[10:06:28.154][info] [#0:script/workspace/loading.lua:113]: ++++As library of:	file:///home/theuser/.config/nvim/lua/custom/lua-language-server/meta/Lua%205.4%20zh-cn%20utf8/string.lua
[10:06:28.154][info] [#0:script/workspace/loading.lua:101]: Preload file at: file:///home/theuser/.config/nvim/lua/custom/lua-language-server/meta/Lua%205.4%20zh-cn%20utf8/debug.lua , size = 7.489 KB
[10:06:28.159][info] [#0:script/workspace/loading.lua:113]: ++++As library of:	file:///home/theuser/.config/nvim/lua/custom/lua-language-server/meta/Lua%205.4%20zh-cn%20utf8/debug.lua
[10:06:28.159][info] [#0:script/workspace/loading.lua:89]: Skip loaded file: file:///home/theuser/.config/nvim/lua/custom/lua-language-server/meta/Lua%205.4%20zh-cn%20utf8/os.lua
[10:06:28.159][info] [#0:script/workspace/loading.lua:113]: ++++As library of:	file:///home/theuser/.config/nvim/lua/custom/lua-language-server/meta/Lua%205.4%20zh-cn%20utf8/os.lua
[10:06:28.159][info] [#0:script/workspace/loading.lua:89]: Skip loaded file: file:///home/theuser/.config/nvim/lua/custom/lua-language-server/meta/Lua%205.4%20zh-cn%20utf8/os.lua
[10:06:28.159][info] [#0:script/workspace/loading.lua:113]: ++++As library of:	file:///home/theuser/.config/nvim/lua/custom/lua-language-server/meta/Lua%205.4%20zh-cn%20utf8/os.lua
[10:06:28.160][info] [#0:script/workspace/loading.lua:101]: Preload file at: file:///home/theuser/.config/nvim/lua/custom/lua-language-server/meta/Lua%205.4%20zh-cn%20utf8/coroutine.lua , size = 2.712 KB
[10:06:28.162][info] [#0:script/workspace/loading.lua:113]: ++++As library of:	file:///home/theuser/.config/nvim/lua/custom/lua-language-server/meta/Lua%205.4%20zh-cn%20utf8/coroutine.lua
[10:06:28.162][info] [#0:script/workspace/loading.lua:89]: Skip loaded file: file:///home/theuser/.config/nvim/lua/custom/lua-language-server/meta/Lua%205.4%20zh-cn%20utf8/math.lua
[10:06:28.162][info] [#0:script/workspace/loading.lua:113]: ++++As library of:	file:///home/theuser/.config/nvim/lua/custom/lua-language-server/meta/Lua%205.4%20zh-cn%20utf8/math.lua
[10:06:28.162][info] [#0:script/workspace/loading.lua:89]: Skip loaded file: file:///home/theuser/.config/nvim/lua/custom/lua-language-server/meta/Lua%205.4%20zh-cn%20utf8/math.lua
[10:06:28.162][info] [#0:script/workspace/loading.lua:113]: ++++As library of:	file:///home/theuser/.config/nvim/lua/custom/lua-language-server/meta/Lua%205.4%20zh-cn%20utf8/math.lua
[10:06:28.162][info] [#0:script/workspace/loading.lua:173]: Loaded files takes [0.045] sec: <fallback>
[10:06:28.162][info] [#0:script/workspace/loading.lua:182]: Compile files takes [0.000] sec: <fallback>
[10:06:28.162][info] [#0:script/workspace/loading.lua:183]: Loaded finish:	<fallback>
[10:06:28.162][info] [#0:script/workspace/workspace.lua:381]: Preload finish at:	<fallback>
[10:06:28.167][info] [#0:script/workspace/loading.lua:89]: Skip loaded file: file:///home/theuser/.config/nvim/lua/custom/lua-language-server/meta/Lua%205.4%20zh-cn%20utf8/debug.lua
[10:06:28.167][info] [#0:script/workspace/loading.lua:113]: ++++As library of:	file:///home/theuser/.config/nvim/lua/custom/lua-language-server/meta/Lua%205.4%20zh-cn%20utf8/debug.lua
[10:06:28.167][info] [#0:script/workspace/loading.lua:89]: Skip loaded file: file:///home/theuser/.config/nvim/lua/custom/lua-language-server/meta/Lua%205.4%20zh-cn%20utf8/debug.lua
[10:06:28.167][info] [#0:script/workspace/loading.lua:113]: ++++As library of:	file:///home/theuser/.config/nvim/lua/custom/lua-language-server/meta/Lua%205.4%20zh-cn%20utf8/debug.lua
[10:06:28.167][info] [#0:script/workspace/loading.lua:89]: Skip loaded file: file:///home/theuser/.config/nvim/lua/custom/lua-language-server/meta/Lua%205.4%20zh-cn%20utf8/coroutine.lua
[10:06:28.167][info] [#0:script/workspace/loading.lua:113]: ++++As library of:	file:///home/theuser/.config/nvim/lua/custom/lua-language-server/meta/Lua%205.4%20zh-cn%20utf8/coroutine.lua
[10:06:28.167][info] [#0:script/workspace/loading.lua:89]: Skip loaded file: file:///home/theuser/.config/nvim/lua/custom/lua-language-server/meta/Lua%205.4%20zh-cn%20utf8/coroutine.lua
[10:06:28.167][info] [#0:script/workspace/loading.lua:113]: ++++As library of:	file:///home/theuser/.config/nvim/lua/custom/lua-language-server/meta/Lua%205.4%20zh-cn%20utf8/coroutine.lua
[10:06:28.167][info] [#0:script/workspace/loading.lua:101]: Preload file at: file:///home/theuser/.config/nvim/lua/custom/lua-language-server/log/multi-workspace/ws1/test.lua , size = 0.000 KB
[10:06:28.167][info] [#0:script/workspace/loading.lua:101]: Preload file at: file:///home/theuser/.config/nvim/lua/custom/lua-language-server/log/multi-workspace/ws2/test.lua , size = 0.000 KB
[10:06:28.168][info] [#0:script/workspace/loading.lua:173]: Loaded files takes [0.042] sec: file:///home/theuser/.config/nvim/lua/custom/lua-language-server/log/multi-workspace/ws1
[10:06:28.168][info] [#0:script/workspace/loading.lua:182]: Compile files takes [0.000] sec: file:///home/theuser/.config/nvim/lua/custom/lua-language-server/log/multi-workspace/ws1
[10:06:28.168][info] [#0:script/workspace/loading.lua:183]: Loaded finish:	file:///home/theuser/.config/nvim/lua/custom/lua-language-server/log/multi-workspace/ws1
[10:06:28.168][info] [#0:script/workspace/workspace.lua:381]: Preload finish at:	file:///home/theuser/.config/nvim/lua/custom/lua-language-server/log/multi-workspace/ws1
[10:06:28.171][info] [#0:script/workspace/loading.lua:173]: Loaded files takes [0.042] sec: file:///home/theuser/.config/nvim/lua/custom/lua-language-server/log/multi-workspace/ws2
[10:06:28.171][info] [#0:script/workspace/loading.lua:182]: Compile files takes [0.000] sec: file:///home/theuser/.config/nvim/lua/custom/lua-language-server/log/multi-workspace/ws2
[10:06:28.171][info] [#0:script/workspace/loading.lua:183]: Loaded finish:	file:///home/theuser/.config/nvim/lua/custom/lua-language-server/log/multi-workspace/ws2
[10:06:28.171][info] [#0:script/workspace/workspace.lua:381]: Preload finish at:	file:///home/theuser/.config/nvim/lua/custom/lua-language-server/log/multi-workspace/ws2
[10:06:28.176][info] [#0:script/provider/diagnostic.lua:557]: Diagnostics scope [file:///home/theuser/.config/nvim/lua/custom/lua-language-server/log/multi-workspace/ws2], files count:[15]
[10:06:28.180][info] [#0:script/provider/diagnostic.lua:574]: Diagnostics scope [file:///home/theuser/.config/nvim/lua/custom/lua-language-server/log/multi-workspace/ws2] finished, takes [0.004] sec.
[10:06:28.244][info] [#0:script/client.lua:657]: Client init	{
  rootUri = "abc"
}
[10:06:28.244][info] [#0:script/language.lua:137]: VSC language: zh-cn
[10:06:28.244][info] [#0:script/language.lua:138]: LS  language: zh-cn
[10:06:28.244][info] [#0:script/workspace/workspace.lua:38]: Workspace init root: 	abc
[10:06:28.244][info] [#0:script/workspace/workspace.lua:42]: Log path: 	/home/theuser/.config/nvim/lua/custom/lua-language-server/log/abc.log
[10:06:28.245][info] [#0:script/workspace/workspace.lua:48]: Workspace create: 	abc
[10:06:28.248][warn] [#0:script/config/loader.lua:116]: No config?	nil
[10:06:28.248][warn] [#0:script/config/loader.lua:116]: No config?	nil
[10:06:28.248][info] [#0:script/provider/provider.lua:61]: Load config from client	fallback
[10:06:28.248][info] [#0:script/provider/provider.lua:62]: nil
[10:06:28.248][info] [#0:script/library.lua:212]: Init builtin library at:	abc
[10:06:28.262][info] [#0:script/plugin.lua:86]: plugin path:	
[10:06:28.262][warn] [#0:script/plugin.lua:101]: plugin not found:	
[10:06:28.262][info] [#0:script/library.lua:212]: Init builtin library at:	nil
[10:06:28.277][info] [#0:script/workspace/workspace.lua:324]: Preload start:	abc
[10:06:28.279][info] [#0:script/workspace/workspace.lua:330]: Scan files at:	abc
[10:06:28.279][info] [#0:script/workspace/workspace.lua:324]: Preload start:	<fallback>
[10:06:28.281][info] [#0:script/workspace/workspace.lua:353]: Scan library at:	file:///home/theuser/.config/nvim/lua/custom/lua-language-server/meta/Lua%205.4%20zh-cn%20utf8/coroutine.lua
[10:06:28.281][info] [#0:script/workspace/workspace.lua:353]: Scan library at:	file:///home/theuser/.config/nvim/lua/custom/lua-language-server/meta/Lua%205.4%20zh-cn%20utf8/coroutine.lua
[10:06:28.281][info] [#0:script/workspace/workspace.lua:353]: Scan library at:	file:///home/theuser/.config/nvim/lua/custom/lua-language-server/meta/Lua%205.4%20zh-cn%20utf8/debug.lua
[10:06:28.281][info] [#0:script/workspace/workspace.lua:353]: Scan library at:	file:///home/theuser/.config/nvim/lua/custom/lua-language-server/meta/Lua%205.4%20zh-cn%20utf8/debug.lua
[10:06:28.282][info] [#0:script/workspace/workspace.lua:353]: Scan library at:	file:///home/theuser/.config/nvim/lua/custom/lua-language-server/meta/Lua%205.4%20zh-cn%20utf8/math.lua
[10:06:28.282][info] [#0:script/workspace/workspace.lua:353]: Scan library at:	file:///home/theuser/.config/nvim/lua/custom/lua-language-server/meta/Lua%205.4%20zh-cn%20utf8/math.lua
[10:06:28.282][info] [#0:script/workspace/workspace.lua:353]: Scan library at:	file:///home/theuser/.config/nvim/lua/custom/lua-language-server/meta/Lua%205.4%20zh-cn%20utf8/os.lua
[10:06:28.282][info] [#0:script/workspace/workspace.lua:353]: Scan library at:	file:///home/theuser/.config/nvim/lua/custom/lua-language-server/meta/Lua%205.4%20zh-cn%20utf8/os.lua
[10:06:28.282][info] [#0:script/workspace/workspace.lua:353]: Scan library at:	file:///home/theuser/.config/nvim/lua/custom/lua-language-server/meta/Lua%205.4%20zh-cn%20utf8/string.lua
[10:06:28.282][info] [#0:script/workspace/workspace.lua:353]: Scan library at:	file:///home/theuser/.config/nvim/lua/custom/lua-language-server/meta/Lua%205.4%20zh-cn%20utf8/string.lua
[10:06:28.283][info] [#0:script/workspace/workspace.lua:353]: Scan library at:	file:///home/theuser/.config/nvim/lua/custom/lua-language-server/meta/Lua%205.4%20zh-cn%20utf8/table.lua
[10:06:28.283][info] [#0:script/workspace/workspace.lua:353]: Scan library at:	file:///home/theuser/.config/nvim/lua/custom/lua-language-server/meta/Lua%205.4%20zh-cn%20utf8/table.lua
[10:06:28.283][info] [#0:script/workspace/workspace.lua:353]: Scan library at:	file:///home/theuser/.config/nvim/lua/custom/lua-language-server/meta/Lua%205.4%20zh-cn%20utf8/builtin.lua
[10:06:28.283][info] [#0:script/workspace/workspace.lua:353]: Scan library at:	file:///home/theuser/.config/nvim/lua/custom/lua-language-server/meta/Lua%205.4%20zh-cn%20utf8/builtin.lua
[10:06:28.283][info] [#0:script/workspace/workspace.lua:353]: Scan library at:	file:///home/theuser/.config/nvim/lua/custom/lua-language-server/meta/Lua%205.4%20zh-cn%20utf8/utf8.lua
[10:06:28.284][info] [#0:script/workspace/workspace.lua:353]: Scan library at:	file:///home/theuser/.config/nvim/lua/custom/lua-language-server/meta/Lua%205.4%20zh-cn%20utf8/utf8.lua
[10:06:28.284][info] [#0:script/workspace/workspace.lua:353]: Scan library at:	file:///home/theuser/.config/nvim/lua/custom/lua-language-server/meta/Lua%205.4%20zh-cn%20utf8/package.lua
[10:06:28.284][info] [#0:script/workspace/workspace.lua:353]: Scan library at:	file:///home/theuser/.config/nvim/lua/custom/lua-language-server/meta/Lua%205.4%20zh-cn%20utf8/package.lua
[10:06:28.284][info] [#0:script/workspace/workspace.lua:353]: Scan library at:	file:///home/theuser/.config/nvim/lua/custom/lua-language-server/meta/Lua%205.4%20zh-cn%20utf8/io.lua
[10:06:28.284][info] [#0:script/workspace/workspace.lua:353]: Scan library at:	file:///home/theuser/.config/nvim/lua/custom/lua-language-server/meta/Lua%205.4%20zh-cn%20utf8/io.lua
[10:06:28.285][info] [#0:script/workspace/workspace.lua:353]: Scan library at:	file:///home/theuser/.config/nvim/lua/custom/lua-language-server/meta/Lua%205.4%20zh-cn%20utf8/basic.lua
[10:06:28.285][info] [#0:script/workspace/workspace.lua:353]: Scan library at:	file:///home/theuser/.config/nvim/lua/custom/lua-language-server/meta/Lua%205.4%20zh-cn%20utf8/basic.lua
[10:06:28.285][info] [#0:script/workspace/workspace.lua:379]: Found 11 files at:	<fallback>
[10:06:28.285][info] [#0:script/workspace/loading.lua:161]: Load files from disk:	<fallback>
[10:06:28.285][info] [#0:script/workspace/loading.lua:101]: Preload file at: file:///home/theuser/.config/nvim/lua/custom/lua-language-server/meta/Lua%205.4%20zh-cn%20utf8/basic.lua , size = 15.405 KB
[10:06:28.294][info] [#0:script/workspace/loading.lua:113]: ++++As library of:	file:///home/theuser/.config/nvim/lua/custom/lua-language-server/meta/Lua%205.4%20zh-cn%20utf8/basic.lua
[10:06:28.294][info] [#0:script/workspace/workspace.lua:379]: Found 11 files at:	abc
[10:06:28.294][info] [#0:script/workspace/loading.lua:161]: Load files from disk:	abc
[10:06:28.294][info] [#0:script/workspace/loading.lua:89]: Skip loaded file: file:///home/theuser/.config/nvim/lua/custom/lua-language-server/meta/Lua%205.4%20zh-cn%20utf8/basic.lua
[10:06:28.294][info] [#0:script/workspace/loading.lua:113]: ++++As library of:	file:///home/theuser/.config/nvim/lua/custom/lua-language-server/meta/Lua%205.4%20zh-cn%20utf8/basic.lua
[10:06:28.294][info] [#0:script/workspace/loading.lua:101]: Preload file at: file:///home/theuser/.config/nvim/lua/custom/lua-language-server/meta/Lua%205.4%20zh-cn%20utf8/io.lua , size = 6.633 KB
[10:06:28.309][info] [#0:script/workspace/loading.lua:113]: ++++As library of:	file:///home/theuser/.config/nvim/lua/custom/lua-language-server/meta/Lua%205.4%20zh-cn%20utf8/io.lua
[10:06:28.309][info] [#0:script/workspace/loading.lua:89]: Skip loaded file: file:///home/theuser/.config/nvim/lua/custom/lua-language-server/meta/Lua%205.4%20zh-cn%20utf8/io.lua
[10:06:28.309][info] [#0:script/workspace/loading.lua:113]: ++++As library of:	file:///home/theuser/.config/nvim/lua/custom/lua-language-server/meta/Lua%205.4%20zh-cn%20utf8/io.lua
[10:06:28.309][info] [#0:script/workspace/loading.lua:101]: Preload file at: file:///home/theuser/.config/nvim/lua/custom/lua-language-server/meta/Lua%205.4%20zh-cn%20utf8/package.lua , size = 2.858 KB
[10:06:28.313][info] [#0:script/workspace/loading.lua:113]: ++++As library of:	file:///home/theuser/.config/nvim/lua/custom/lua-language-server/meta/Lua%205.4%20zh-cn%20utf8/package.lua
[10:06:28.313][info] [#0:script/workspace/loading.lua:89]: Skip loaded file: file:///home/theuser/.config/nvim/lua/custom/lua-language-server/meta/Lua%205.4%20zh-cn%20utf8/package.lua
[10:06:28.313][info] [#0:script/workspace/loading.lua:113]: ++++As library of:	file:///home/theuser/.config/nvim/lua/custom/lua-language-server/meta/Lua%205.4%20zh-cn%20utf8/package.lua
[10:06:28.313][info] [#0:script/workspace/loading.lua:101]: Preload file at: file:///home/theuser/.config/nvim/lua/custom/lua-language-server/meta/Lua%205.4%20zh-cn%20utf8/utf8.lua , size = 2.369 KB
[10:06:28.315][info] [#0:script/workspace/loading.lua:113]: ++++As library of:	file:///home/theuser/.config/nvim/lua/custom/lua-language-server/meta/Lua%205.4%20zh-cn%20utf8/utf8.lua
[10:06:28.315][info] [#0:script/workspace/loading.lua:89]: Skip loaded file: file:///home/theuser/.config/nvim/lua/custom/lua-language-server/meta/Lua%205.4%20zh-cn%20utf8/utf8.lua
[10:06:28.315][info] [#0:script/workspace/loading.lua:113]: ++++As library of:	file:///home/theuser/.config/nvim/lua/custom/lua-language-server/meta/Lua%205.4%20zh-cn%20utf8/utf8.lua
[10:06:28.315][info] [#0:script/workspace/loading.lua:101]: Preload file at: file:///home/theuser/.config/nvim/lua/custom/lua-language-server/meta/Lua%205.4%20zh-cn%20utf8/builtin.lua , size = 0.302 KB
[10:06:28.316][info] [#0:script/workspace/loading.lua:113]: ++++As library of:	file:///home/theuser/.config/nvim/lua/custom/lua-language-server/meta/Lua%205.4%20zh-cn%20utf8/builtin.lua
[10:06:28.316][info] [#0:script/workspace/loading.lua:89]: Skip loaded file: file:///home/theuser/.config/nvim/lua/custom/lua-language-server/meta/Lua%205.4%20zh-cn%20utf8/builtin.lua
[10:06:28.316][info] [#0:script/workspace/loading.lua:113]: ++++As library of:	file:///home/theuser/.config/nvim/lua/custom/lua-language-server/meta/Lua%205.4%20zh-cn%20utf8/builtin.lua
[10:06:28.316][info] [#0:script/workspace/loading.lua:101]: Preload file at: file:///home/theuser/.config/nvim/lua/custom/lua-language-server/meta/Lua%205.4%20zh-cn%20utf8/table.lua , size = 4.055 KB
[10:06:28.319][info] [#0:script/workspace/loading.lua:113]: ++++As library of:	file:///home/theuser/.config/nvim/lua/custom/lua-language-server/meta/Lua%205.4%20zh-cn%20utf8/table.lua
[10:06:28.319][info] [#0:script/workspace/loading.lua:89]: Skip loaded file: file:///home/theuser/.config/nvim/lua/custom/lua-language-server/meta/Lua%205.4%20zh-cn%20utf8/table.lua
[10:06:28.319][info] [#0:script/workspace/loading.lua:113]: ++++As library of:	file:///home/theuser/.config/nvim/lua/custom/lua-language-server/meta/Lua%205.4%20zh-cn%20utf8/table.lua
[10:06:28.320][info] [#0:script/workspace/loading.lua:101]: Preload file at: file:///home/theuser/.config/nvim/lua/custom/lua-language-server/meta/Lua%205.4%20zh-cn%20utf8/string.lua , size = 6.710 KB
[10:06:28.325][info] [#0:script/workspace/loading.lua:113]: ++++As library of:	file:///home/theuser/.config/nvim/lua/custom/lua-language-server/meta/Lua%205.4%20zh-cn%20utf8/string.lua
[10:06:28.326][info] [#0:script/workspace/loading.lua:89]: Skip loaded file: file:///home/theuser/.config/nvim/lua/custom/lua-language-server/meta/Lua%205.4%20zh-cn%20utf8/string.lua
[10:06:28.326][info] [#0:script/workspace/loading.lua:113]: ++++As library of:	file:///home/theuser/.config/nvim/lua/custom/lua-language-server/meta/Lua%205.4%20zh-cn%20utf8/string.lua
[10:06:28.326][info] [#0:script/workspace/loading.lua:101]: Preload file at: file:///home/theuser/.config/nvim/lua/custom/lua-language-server/meta/Lua%205.4%20zh-cn%20utf8/os.lua , size = 5.687 KB
[10:06:28.329][info] [#0:script/workspace/loading.lua:113]: ++++As library of:	file:///home/theuser/.config/nvim/lua/custom/lua-language-server/meta/Lua%205.4%20zh-cn%20utf8/os.lua
[10:06:28.330][info] [#0:script/workspace/loading.lua:89]: Skip loaded file: file:///home/theuser/.config/nvim/lua/custom/lua-language-server/meta/Lua%205.4%20zh-cn%20utf8/os.lua
[10:06:28.330][info] [#0:script/workspace/loading.lua:113]: ++++As library of:	file:///home/theuser/.config/nvim/lua/custom/lua-language-server/meta/Lua%205.4%20zh-cn%20utf8/os.lua
[10:06:28.330][info] [#0:script/workspace/loading.lua:101]: Preload file at: file:///home/theuser/.config/nvim/lua/custom/lua-language-server/meta/Lua%205.4%20zh-cn%20utf8/math.lua , size = 8.623 KB
[10:06:28.338][info] [#0:script/workspace/loading.lua:113]: ++++As library of:	file:///home/theuser/.config/nvim/lua/custom/lua-language-server/meta/Lua%205.4%20zh-cn%20utf8/math.lua
[10:06:28.338][info] [#0:script/workspace/loading.lua:89]: Skip loaded file: file:///home/theuser/.config/nvim/lua/custom/lua-language-server/meta/Lua%205.4%20zh-cn%20utf8/math.lua
[10:06:28.338][info] [#0:script/workspace/loading.lua:113]: ++++As library of:	file:///home/theuser/.config/nvim/lua/custom/lua-language-server/meta/Lua%205.4%20zh-cn%20utf8/math.lua
[10:06:28.338][info] [#0:script/workspace/loading.lua:101]: Preload file at: file:///home/theuser/.config/nvim/lua/custom/lua-language-server/meta/Lua%205.4%20zh-cn%20utf8/debug.lua , size = 7.489 KB
[10:06:28.347][info] [#0:script/workspace/loading.lua:113]: ++++As library of:	file:///home/theuser/.config/nvim/lua/custom/lua-language-server/meta/Lua%205.4%20zh-cn%20utf8/debug.lua
[10:06:28.347][info] [#0:script/workspace/loading.lua:89]: Skip loaded file: file:///home/theuser/.config/nvim/lua/custom/lua-language-server/meta/Lua%205.4%20zh-cn%20utf8/debug.lua
[10:06:28.347][info] [#0:script/workspace/loading.lua:113]: ++++As library of:	file:///home/theuser/.config/nvim/lua/custom/lua-language-server/meta/Lua%205.4%20zh-cn%20utf8/debug.lua
[10:06:28.347][info] [#0:script/workspace/loading.lua:101]: Preload file at: file:///home/theuser/.config/nvim/lua/custom/lua-language-server/meta/Lua%205.4%20zh-cn%20utf8/coroutine.lua , size = 2.712 KB
[10:06:28.349][info] [#0:script/workspace/loading.lua:113]: ++++As library of:	file:///home/theuser/.config/nvim/lua/custom/lua-language-server/meta/Lua%205.4%20zh-cn%20utf8/coroutine.lua
[10:06:28.349][info] [#0:script/workspace/loading.lua:89]: Skip loaded file: file:///home/theuser/.config/nvim/lua/custom/lua-language-server/meta/Lua%205.4%20zh-cn%20utf8/coroutine.lua
[10:06:28.349][info] [#0:script/workspace/loading.lua:113]: ++++As library of:	file:///home/theuser/.config/nvim/lua/custom/lua-language-server/meta/Lua%205.4%20zh-cn%20utf8/coroutine.lua
[10:06:28.349][info] [#0:script/workspace/loading.lua:173]: Loaded files takes [0.064] sec: <fallback>
[10:06:28.349][info] [#0:script/workspace/loading.lua:182]: Compile files takes [0.000] sec: <fallback>
[10:06:28.349][info] [#0:script/workspace/loading.lua:183]: Loaded finish:	<fallback>
[10:06:28.349][info] [#0:script/workspace/workspace.lua:381]: Preload finish at:	<fallback>
[10:06:28.353][info] [#0:script/workspace/loading.lua:173]: Loaded files takes [0.059] sec: abc
[10:06:28.353][info] [#0:script/workspace/loading.lua:182]: Compile files takes [0.000] sec: abc
[10:06:28.353][info] [#0:script/workspace/loading.lua:183]: Loaded finish:	abc
[10:06:28.353][info] [#0:script/workspace/workspace.lua:381]: Preload finish at:	abc
[10:06:28.356][info] [#0:script/provider/diagnostic.lua:557]: Diagnostics scope [abc], files count:[11]
[10:06:28.356][info] [#0:script/provider/diagnostic.lua:574]: Diagnostics scope [abc] finished, takes [0.000] sec.
[10:06:28.380][info] [#0:script/client.lua:657]: Client init	{}
[10:06:28.380][info] [#0:script/language.lua:137]: VSC language: zh-cn
[10:06:28.380][info] [#0:script/language.lua:138]: LS  language: zh-cn
[10:06:28.383][info] [#0:script/provider/provider.lua:61]: Load config from client	fallback
[10:06:28.383][info] [#0:script/provider/provider.lua:62]: {
  Lua = {
    ["workspace.library"] = { "/home/theuser/.config/nvim/lua/custom/lua-language-server/log/load-library" }
  }
}
[10:06:28.383][info] [#0:script/library.lua:212]: Init builtin library at:	nil
[10:06:28.400][info] [#0:script/workspace/workspace.lua:324]: Preload start:	<fallback>
[10:06:28.402][info] [#0:script/workspace/workspace.lua:353]: Scan library at:	file:///home/theuser/.config/nvim/lua/custom/lua-language-server/meta/Lua%205.4%20zh-cn%20utf8/coroutine.lua
[10:06:28.402][info] [#0:script/workspace/workspace.lua:353]: Scan library at:	file:///home/theuser/.config/nvim/lua/custom/lua-language-server/meta/Lua%205.4%20zh-cn%20utf8/debug.lua
[10:06:28.402][info] [#0:script/workspace/workspace.lua:353]: Scan library at:	file:///home/theuser/.config/nvim/lua/custom/lua-language-server/meta/Lua%205.4%20zh-cn%20utf8/math.lua
[10:06:28.402][info] [#0:script/workspace/workspace.lua:353]: Scan library at:	file:///home/theuser/.config/nvim/lua/custom/lua-language-server/meta/Lua%205.4%20zh-cn%20utf8/os.lua
[10:06:28.403][info] [#0:script/workspace/workspace.lua:353]: Scan library at:	file:///home/theuser/.config/nvim/lua/custom/lua-language-server/meta/Lua%205.4%20zh-cn%20utf8/string.lua
[10:06:28.403][info] [#0:script/workspace/workspace.lua:353]: Scan library at:	file:///home/theuser/.config/nvim/lua/custom/lua-language-server/meta/Lua%205.4%20zh-cn%20utf8/table.lua
[10:06:28.403][info] [#0:script/workspace/workspace.lua:353]: Scan library at:	file:///home/theuser/.config/nvim/lua/custom/lua-language-server/meta/Lua%205.4%20zh-cn%20utf8/io.lua
[10:06:28.403][info] [#0:script/workspace/workspace.lua:353]: Scan library at:	file:///home/theuser/.config/nvim/lua/custom/lua-language-server/meta/Lua%205.4%20zh-cn%20utf8/package.lua
[10:06:28.403][info] [#0:script/workspace/workspace.lua:353]: Scan library at:	file:///home/theuser/.config/nvim/lua/custom/lua-language-server/meta/Lua%205.4%20zh-cn%20utf8/basic.lua
[10:06:28.404][info] [#0:script/workspace/workspace.lua:353]: Scan library at:	file:///home/theuser/.config/nvim/lua/custom/lua-language-server/log/load-library
[10:06:28.404][info] [#0:script/workspace/workspace.lua:353]: Scan library at:	file:///home/theuser/.config/nvim/lua/custom/lua-language-server/meta/Lua%205.4%20zh-cn%20utf8/utf8.lua
[10:06:28.404][info] [#0:script/workspace/workspace.lua:353]: Scan library at:	file:///home/theuser/.config/nvim/lua/custom/lua-language-server/meta/Lua%205.4%20zh-cn%20utf8/builtin.lua
[10:06:28.404][info] [#0:script/workspace/workspace.lua:379]: Found 12 files at:	<fallback>
[10:06:28.404][info] [#0:script/workspace/loading.lua:161]: Load files from disk:	<fallback>
[10:06:28.405][info] [#0:script/workspace/loading.lua:101]: Preload file at: file:///home/theuser/.config/nvim/lua/custom/lua-language-server/meta/Lua%205.4%20zh-cn%20utf8/builtin.lua , size = 0.302 KB
[10:06:28.405][info] [#0:script/workspace/loading.lua:113]: ++++As library of:	file:///home/theuser/.config/nvim/lua/custom/lua-language-server/meta/Lua%205.4%20zh-cn%20utf8/builtin.lua
[10:06:28.405][info] [#0:script/workspace/loading.lua:101]: Preload file at: file:///home/theuser/.config/nvim/lua/custom/lua-language-server/meta/Lua%205.4%20zh-cn%20utf8/utf8.lua , size = 2.369 KB
[10:06:28.409][info] [#0:script/workspace/loading.lua:113]: ++++As library of:	file:///home/theuser/.config/nvim/lua/custom/lua-language-server/meta/Lua%205.4%20zh-cn%20utf8/utf8.lua
[10:06:28.410][info] [#0:script/workspace/loading.lua:101]: Preload file at: file:///home/theuser/.config/nvim/lua/custom/lua-language-server/log/load-library/library-file.lua , size = 0.019 KB
[10:06:28.410][info] [#0:script/workspace/loading.lua:113]: ++++As library of:	file:///home/theuser/.config/nvim/lua/custom/lua-language-server/log/load-library
[10:06:28.410][info] [#0:script/workspace/loading.lua:101]: Preload file at: file:///home/theuser/.config/nvim/lua/custom/lua-language-server/meta/Lua%205.4%20zh-cn%20utf8/basic.lua , size = 15.405 KB
[10:06:28.420][info] [#0:script/workspace/loading.lua:113]: ++++As library of:	file:///home/theuser/.config/nvim/lua/custom/lua-language-server/meta/Lua%205.4%20zh-cn%20utf8/basic.lua
[10:06:28.421][info] [#0:script/workspace/loading.lua:101]: Preload file at: file:///home/theuser/.config/nvim/lua/custom/lua-language-server/meta/Lua%205.4%20zh-cn%20utf8/package.lua , size = 2.858 KB
[10:06:28.422][info] [#0:script/workspace/loading.lua:113]: ++++As library of:	file:///home/theuser/.config/nvim/lua/custom/lua-language-server/meta/Lua%205.4%20zh-cn%20utf8/package.lua
[10:06:28.422][info] [#0:script/workspace/loading.lua:101]: Preload file at: file:///home/theuser/.config/nvim/lua/custom/lua-language-server/meta/Lua%205.4%20zh-cn%20utf8/io.lua , size = 6.633 KB
[10:06:28.429][info] [#0:script/workspace/loading.lua:113]: ++++As library of:	file:///home/theuser/.config/nvim/lua/custom/lua-language-server/meta/Lua%205.4%20zh-cn%20utf8/io.lua
[10:06:28.429][info] [#0:script/workspace/loading.lua:101]: Preload file at: file:///home/theuser/.config/nvim/lua/custom/lua-language-server/meta/Lua%205.4%20zh-cn%20utf8/table.lua , size = 4.055 KB
[10:06:28.432][info] [#0:script/workspace/loading.lua:113]: ++++As library of:	file:///home/theuser/.config/nvim/lua/custom/lua-language-server/meta/Lua%205.4%20zh-cn%20utf8/table.lua
[10:06:28.432][info] [#0:script/workspace/loading.lua:101]: Preload file at: file:///home/theuser/.config/nvim/lua/custom/lua-language-server/meta/Lua%205.4%20zh-cn%20utf8/string.lua , size = 6.710 KB
[10:06:28.436][info] [#0:script/workspace/loading.lua:113]: ++++As library of:	file:///home/theuser/.config/nvim/lua/custom/lua-language-server/meta/Lua%205.4%20zh-cn%20utf8/string.lua
[10:06:28.436][info] [#0:script/workspace/loading.lua:101]: Preload file at: file:///home/theuser/.config/nvim/lua/custom/lua-language-server/meta/Lua%205.4%20zh-cn%20utf8/os.lua , size = 5.687 KB
[10:06:28.442][info] [#0:script/workspace/loading.lua:113]: ++++As library of:	file:///home/theuser/.config/nvim/lua/custom/lua-language-server/meta/Lua%205.4%20zh-cn%20utf8/os.lua
[10:06:28.442][info] [#0:script/workspace/loading.lua:101]: Preload file at: file:///home/theuser/.config/nvim/lua/custom/lua-language-server/meta/Lua%205.4%20zh-cn%20utf8/math.lua , size = 8.623 KB
[10:06:28.448][info] [#0:script/workspace/loading.lua:113]: ++++As library of:	file:///home/theuser/.config/nvim/lua/custom/lua-language-server/meta/Lua%205.4%20zh-cn%20utf8/math.lua
[10:06:28.448][info] [#0:script/workspace/loading.lua:101]: Preload file at: file:///home/theuser/.config/nvim/lua/custom/lua-language-server/meta/Lua%205.4%20zh-cn%20utf8/debug.lua , size = 7.489 KB
[10:06:28.456][info] [#0:script/workspace/loading.lua:113]: ++++As library of:	file:///home/theuser/.config/nvim/lua/custom/lua-language-server/meta/Lua%205.4%20zh-cn%20utf8/debug.lua
[10:06:28.456][info] [#0:script/workspace/loading.lua:101]: Preload file at: file:///home/theuser/.config/nvim/lua/custom/lua-language-server/meta/Lua%205.4%20zh-cn%20utf8/coroutine.lua , size = 2.712 KB
[10:06:28.458][info] [#0:script/workspace/loading.lua:113]: ++++As library of:	file:///home/theuser/.config/nvim/lua/custom/lua-language-server/meta/Lua%205.4%20zh-cn%20utf8/coroutine.lua
[10:06:28.458][info] [#0:script/workspace/loading.lua:173]: Loaded files takes [0.053] sec: <fallback>
[10:06:28.458][info] [#0:script/workspace/loading.lua:182]: Compile files takes [0.000] sec: <fallback>
[10:06:28.458][info] [#0:script/workspace/loading.lua:183]: Loaded finish:	<fallback>
[10:06:28.458][info] [#0:script/workspace/workspace.lua:381]: Preload finish at:	<fallback>
[10:06:28.461][info] [#0:script/client.lua:657]: Client init	{
  rootPath = "/home/theuser/.config/nvim/lua/custom/lua-language-server/log/files-associations",
  rootUri = "file:///home/theuser/.config/nvim/lua/custom/lua-language-server/log/files-associations",
  workspaceFolders = { {
      name = "ws",
      uri = "file:///home/theuser/.config/nvim/lua/custom/lua-language-server/log/files-associations"
    } }
}
[10:06:28.461][info] [#0:script/language.lua:137]: VSC language: zh-cn
[10:06:28.461][info] [#0:script/language.lua:138]: LS  language: zh-cn
[10:06:28.461][info] [#0:script/workspace/workspace.lua:38]: Workspace init root: 	file:///home/theuser/.config/nvim/lua/custom/lua-language-server/log/files-associations
[10:06:28.461][info] [#0:script/workspace/workspace.lua:42]: Log path: 	/home/theuser/.config/nvim/lua/custom/lua-language-server/log/file_home_theuser_.config_nvim_lua_custom_lua-language-server_log_files-associations.log
